2018-07-27T14:58:37+00:00 CRITICAL Uncaught Error: Call to a member function post() on null in /var/www/html/wp-content/plugins/melhor-envio-cotacao/classes/lib/main.php:145
Stack trace:
#0 /var/www/html/wp-includes/class-wp-hook.php(286): wp_melhor_envio_shipping_calculator->update_shipping_method('')
#1 /var/www/html/wp-includes/class-wp-hook.php(310): WP_Hook->apply_filters('', Array)
#2 /var/www/html/wp-includes/plugin.php(453): WP_Hook->do_action(Array)
#3 /var/www/html/wp-admin/admin-ajax.php(112): do_action('wp_ajax_nopriv_...')
#4 {main}
  thrown

2018-07-27T14:58:56+00:00 CRITICAL Uncaught Error: Call to a member function post() on null in /var/www/html/wp-content/plugins/melhor-envio-cotacao/classes/lib/main.php:145
Stack trace:
#0 /var/www/html/wp-includes/class-wp-hook.php(286): wp_melhor_envio_shipping_calculator->update_shipping_method('')
#1 /var/www/html/wp-includes/class-wp-hook.php(310): WP_Hook->apply_filters('', Array)
#2 /var/www/html/wp-includes/plugin.php(453): WP_Hook->do_action(Array)
#3 /var/www/html/wp-admin/admin-ajax.php(112): do_action('wp_ajax_nopriv_...')
#4 {main}
  thrown

2018-07-27T15:01:50+00:00 CRITICAL Uncaught Error: Call to a member function post() on null in /var/www/html/wp-content/plugins/melhor-envio-cotacao/classes/lib/main.php:145
Stack trace:
#0 /var/www/html/wp-includes/class-wp-hook.php(286): wp_melhor_envio_shipping_calculator->update_shipping_method('')
#1 /var/www/html/wp-includes/class-wp-hook.php(310): WP_Hook->apply_filters('', Array)
#2 /var/www/html/wp-includes/plugin.php(453): WP_Hook->do_action(Array)
#3 /var/www/html/wp-admin/admin-ajax.php(112): do_action('wp_ajax_nopriv_...')
#4 {main}
  thrown

2018-07-27T15:08:42+00:00 CRITICAL Uncaught Error: Cannot use object of type WP_Error as array in /var/www/html/wp-content/plugins/melhor-envio-cotacao/classes/lib/main.php:150
Stack trace:
#0 /var/www/html/wp-includes/class-wp-hook.php(286): wp_melhor_envio_shipping_calculator->update_shipping_method('')
#1 /var/www/html/wp-includes/class-wp-hook.php(310): WP_Hook->apply_filters('', Array)
#2 /var/www/html/wp-includes/plugin.php(453): WP_Hook->do_action(Array)
#3 /var/www/html/wp-admin/admin-ajax.php(112): do_action('wp_ajax_nopriv_...')
#4 {main}
  thrown

2018-07-27T15:09:30+00:00 CRITICAL Uncaught Error: Cannot use object of type WP_Error as array in /var/www/html/wp-content/plugins/melhor-envio-cotacao/classes/lib/main.php:150
Stack trace:
#0 /var/www/html/wp-includes/class-wp-hook.php(286): wp_melhor_envio_shipping_calculator->update_shipping_method('')
#1 /var/www/html/wp-includes/class-wp-hook.php(310): WP_Hook->apply_filters('', Array)
#2 /var/www/html/wp-includes/plugin.php(453): WP_Hook->do_action(Array)
#3 /var/www/html/wp-admin/admin-ajax.php(112): do_action('wp_ajax_nopriv_...')
#4 {main}
  thrown

2018-07-27T15:10:22+00:00 CRITICAL Uncaught Error: Cannot use object of type WP_Error as array in /var/www/html/wp-content/plugins/melhor-envio-cotacao/classes/lib/main.php:151
Stack trace:
#0 /var/www/html/wp-includes/class-wp-hook.php(286): wp_melhor_envio_shipping_calculator->update_shipping_method('')
#1 /var/www/html/wp-includes/class-wp-hook.php(310): WP_Hook->apply_filters('', Array)
#2 /var/www/html/wp-includes/plugin.php(453): WP_Hook->do_action(Array)
#3 /var/www/html/wp-admin/admin-ajax.php(112): do_action('wp_ajax_nopriv_...')
#4 {main}
  thrown

2018-07-27T15:10:40+00:00 CRITICAL Uncaught Error: Cannot use object of type WP_Error as array in /var/www/html/wp-content/plugins/melhor-envio-cotacao/classes/lib/main.php:151
Stack trace:
#0 /var/www/html/wp-includes/class-wp-hook.php(286): wp_melhor_envio_shipping_calculator->update_shipping_method('')
#1 /var/www/html/wp-includes/class-wp-hook.php(310): WP_Hook->apply_filters('', Array)
#2 /var/www/html/wp-includes/plugin.php(453): WP_Hook->do_action(Array)
#3 /var/www/html/wp-admin/admin-ajax.php(112): do_action('wp_ajax_nopriv_...')
#4 {main}
  thrown

2018-07-30T08:40:52+00:00 CRITICAL Uncaught Error: Cannot use object of type WP_Error as array in /var/www/html/wp-content/plugins/melhor-envio-cotacao/classes/lib/main.php:148
Stack trace:
#0 /var/www/html/wp-includes/class-wp-hook.php(286): wp_melhor_envio_shipping_calculator->update_shipping_method('')
#1 /var/www/html/wp-includes/class-wp-hook.php(310): WP_Hook->apply_filters('', Array)
#2 /var/www/html/wp-includes/plugin.php(453): WP_Hook->do_action(Array)
#3 /var/www/html/wp-admin/admin-ajax.php(112): do_action('wp_ajax_nopriv_...')
#4 {main}
  thrown

2018-07-30T08:46:04+00:00 CRITICAL Uncaught Error: Cannot use object of type WP_Error as array in /var/www/html/wp-content/plugins/melhor-envio-cotacao/classes/lib/main.php:152
Stack trace:
#0 /var/www/html/wp-includes/class-wp-hook.php(286): wp_melhor_envio_shipping_calculator->update_shipping_method('')
#1 /var/www/html/wp-includes/class-wp-hook.php(310): WP_Hook->apply_filters('', Array)
#2 /var/www/html/wp-includes/plugin.php(453): WP_Hook->do_action(Array)
#3 /var/www/html/wp-admin/admin-ajax.php(112): do_action('wp_ajax_nopriv_...')
#4 {main}
  thrown

2018-07-30T13:22:52+00:00 CRITICAL Uncaught Error: Cannot use object of type WP_Error as array in /var/www/html/wp-content/plugins/melhor-envio-cotacao/classes/lib/main.php:148
Stack trace:
#0 /var/www/html/wp-content/plugins/melhor-envio-cotacao/classes/lib/main.php(235): wp_melhor_envio_shipping_calculator->update_shipping_method()
#1 /var/www/html/wp-includes/class-wp-hook.php(286): wp_melhor_envio_shipping_calculator->ajax_calc_shipping('')
#2 /var/www/html/wp-includes/class-wp-hook.php(310): WP_Hook->apply_filters('', Array)
#3 /var/www/html/wp-includes/plugin.php(453): WP_Hook->do_action(Array)
#4 /var/www/html/wp-admin/admin-ajax.php(112): do_action('wp_ajax_nopriv_...')
#5 {main}
  thrown

2018-07-30T13:33:30+00:00 CRITICAL Uncaught Error: Cannot use object of type WP_Error as array in /var/www/html/wp-content/plugins/melhor-envio-cotacao/classes/lib/main.php:148
Stack trace:
#0 /var/www/html/wp-content/plugins/melhor-envio-cotacao/classes/lib/main.php(236): wp_melhor_envio_shipping_calculator->update_shipping_method()
#1 /var/www/html/wp-includes/class-wp-hook.php(286): wp_melhor_envio_shipping_calculator->ajax_calc_shipping('')
#2 /var/www/html/wp-includes/class-wp-hook.php(310): WP_Hook->apply_filters('', Array)
#3 /var/www/html/wp-includes/plugin.php(453): WP_Hook->do_action(Array)
#4 /var/www/html/wp-admin/admin-ajax.php(112): do_action('wp_ajax_nopriv_...')
#5 {main}
  thrown

2018-07-30T13:36:36+00:00 CRITICAL Uncaught Error: Cannot use object of type WP_Error as array in /var/www/html/wp-content/plugins/melhor-envio-cotacao/classes/lib/main.php:148
Stack trace:
#0 /var/www/html/wp-content/plugins/melhor-envio-cotacao/classes/lib/main.php(239): wp_melhor_envio_shipping_calculator->update_shipping_method()
#1 /var/www/html/wp-includes/class-wp-hook.php(286): wp_melhor_envio_shipping_calculator->ajax_calc_shipping('')
#2 /var/www/html/wp-includes/class-wp-hook.php(310): WP_Hook->apply_filters('', Array)
#3 /var/www/html/wp-includes/plugin.php(453): WP_Hook->do_action(Array)
#4 /var/www/html/wp-admin/admin-ajax.php(112): do_action('wp_ajax_nopriv_...')
#5 {main}
  thrown

2018-07-30T13:37:43+00:00 CRITICAL Uncaught Error: Cannot use object of type WP_Error as array in /var/www/html/wp-content/plugins/melhor-envio-cotacao/classes/lib/main.php:148
Stack trace:
#0 /var/www/html/wp-content/plugins/melhor-envio-cotacao/classes/lib/main.php(241): wp_melhor_envio_shipping_calculator->update_shipping_method()
#1 /var/www/html/wp-includes/class-wp-hook.php(286): wp_melhor_envio_shipping_calculator->ajax_calc_shipping('')
#2 /var/www/html/wp-includes/class-wp-hook.php(310): WP_Hook->apply_filters('', Array)
#3 /var/www/html/wp-includes/plugin.php(453): WP_Hook->do_action(Array)
#4 /var/www/html/wp-admin/admin-ajax.php(112): do_action('wp_ajax_nopriv_...')
#5 {main}
  thrown

2018-07-30T13:40:12+00:00 CRITICAL Uncaught Error: Cannot use object of type WP_Error as array in /var/www/html/wp-content/plugins/melhor-envio-cotacao/classes/lib/main.php:148
Stack trace:
#0 /var/www/html/wp-content/plugins/melhor-envio-cotacao/classes/lib/main.php(240): wp_melhor_envio_shipping_calculator->update_shipping_method()
#1 /var/www/html/wp-includes/class-wp-hook.php(286): wp_melhor_envio_shipping_calculator->ajax_calc_shipping('')
#2 /var/www/html/wp-includes/class-wp-hook.php(310): WP_Hook->apply_filters('', Array)
#3 /var/www/html/wp-includes/plugin.php(453): WP_Hook->do_action(Array)
#4 /var/www/html/wp-admin/admin-ajax.php(112): do_action('wp_ajax_nopriv_...')
#5 {main}
  thrown

2018-07-30T13:46:07+00:00 CRITICAL Uncaught Error: Cannot use object of type WP_Error as array in /var/www/html/wp-content/plugins/melhor-envio-cotacao/classes/lib/main.php:148
Stack trace:
#0 /var/www/html/wp-content/plugins/melhor-envio-cotacao/classes/lib/main.php(244): wp_melhor_envio_shipping_calculator->update_shipping_method()
#1 /var/www/html/wp-includes/class-wp-hook.php(286): wp_melhor_envio_shipping_calculator->ajax_calc_shipping('')
#2 /var/www/html/wp-includes/class-wp-hook.php(310): WP_Hook->apply_filters('', Array)
#3 /var/www/html/wp-includes/plugin.php(453): WP_Hook->do_action(Array)
#4 /var/www/html/wp-admin/admin-ajax.php(112): do_action('wp_ajax_nopriv_...')
#5 {main}
  thrown

2018-07-30T14:12:04+00:00 CRITICAL Uncaught Error: Call to a member function get_width() on array in /var/www/html/wp-content/plugins/melhor-envio-cotacao/classes/lib/main.php:114
Stack trace:
#0 /var/www/html/wp-content/plugins/melhor-envio-cotacao/classes/lib/main.php(253): wp_melhor_envio_shipping_calculator->update_shipping_method()
#1 /var/www/html/wp-includes/class-wp-hook.php(286): wp_melhor_envio_shipping_calculator->ajax_calc_shipping('')
#2 /var/www/html/wp-includes/class-wp-hook.php(310): WP_Hook->apply_filters('', Array)
#3 /var/www/html/wp-includes/plugin.php(453): WP_Hook->do_action(Array)
#4 /var/www/html/wp-admin/admin-ajax.php(112): do_action('wp_ajax_nopriv_...')
#5 {main}
  thrown

2018-07-30T14:32:05+00:00 CRITICAL Uncaught Error: Call to undefined method WC_Product_Variation::get_heigth() in /var/www/html/wp-content/plugins/melhor-envio-cotacao/classes/lib/main.php:107
Stack trace:
#0 /var/www/html/wp-content/plugins/melhor-envio-cotacao/classes/lib/main.php(259): wp_melhor_envio_shipping_calculator->update_shipping_method()
#1 /var/www/html/wp-includes/class-wp-hook.php(286): wp_melhor_envio_shipping_calculator->ajax_calc_shipping('')
#2 /var/www/html/wp-includes/class-wp-hook.php(310): WP_Hook->apply_filters('', Array)
#3 /var/www/html/wp-includes/plugin.php(453): WP_Hook->do_action(Array)
#4 /var/www/html/wp-admin/admin-ajax.php(112): do_action('wp_ajax_nopriv_...')
#5 {main}
  thrown

2018-07-30T14:35:01+00:00 CRITICAL Uncaught Error: Cannot use object of type WP_Error as array in /var/www/html/wp-content/plugins/melhor-envio-cotacao/classes/lib/main.php:144
Stack trace:
#0 /var/www/html/wp-content/plugins/melhor-envio-cotacao/classes/lib/main.php(245): wp_melhor_envio_shipping_calculator->update_shipping_method()
#1 /var/www/html/wp-includes/class-wp-hook.php(286): wp_melhor_envio_shipping_calculator->ajax_calc_shipping('')
#2 /var/www/html/wp-includes/class-wp-hook.php(310): WP_Hook->apply_filters('', Array)
#3 /var/www/html/wp-includes/plugin.php(453): WP_Hook->do_action(Array)
#4 /var/www/html/wp-admin/admin-ajax.php(112): do_action('wp_ajax_nopriv_...')
#5 {main}
  thrown

2018-07-30T14:37:09+00:00 CRITICAL Uncaught Error: Cannot use object of type WP_Error as array in /var/www/html/wp-content/plugins/melhor-envio-cotacao/classes/lib/main.php:148
Stack trace:
#0 /var/www/html/wp-content/plugins/melhor-envio-cotacao/classes/lib/main.php(249): wp_melhor_envio_shipping_calculator->update_shipping_method()
#1 /var/www/html/wp-includes/class-wp-hook.php(286): wp_melhor_envio_shipping_calculator->ajax_calc_shipping('')
#2 /var/www/html/wp-includes/class-wp-hook.php(310): WP_Hook->apply_filters('', Array)
#3 /var/www/html/wp-includes/plugin.php(453): WP_Hook->do_action(Array)
#4 /var/www/html/wp-admin/admin-ajax.php(112): do_action('wp_ajax_nopriv_...')
#5 {main}
  thrown

2018-07-30T14:37:14+00:00 CRITICAL Uncaught Error: Call to a member function get_weight() on null in /var/www/html/wp-content/plugins/melhor-envio-cotacao/classes/lib/main.php:124
Stack trace:
#0 /var/www/html/wp-content/plugins/melhor-envio-cotacao/classes/lib/main.php(249): wp_melhor_envio_shipping_calculator->update_shipping_method()
#1 /var/www/html/wp-includes/class-wp-hook.php(286): wp_melhor_envio_shipping_calculator->ajax_calc_shipping('')
#2 /var/www/html/wp-includes/class-wp-hook.php(310): WP_Hook->apply_filters('', Array)
#3 /var/www/html/wp-includes/plugin.php(453): WP_Hook->do_action(Array)
#4 /var/www/html/wp-admin/admin-ajax.php(112): do_action('wp_ajax_nopriv_...')
#5 {main}
  thrown

2018-07-30T14:39:37+00:00 CRITICAL Uncaught Error: Cannot use object of type WP_Error as array in /var/www/html/wp-content/plugins/melhor-envio-cotacao/classes/lib/main.php:144
Stack trace:
#0 /var/www/html/wp-content/plugins/melhor-envio-cotacao/classes/lib/main.php(247): wp_melhor_envio_shipping_calculator->update_shipping_method()
#1 /var/www/html/wp-includes/class-wp-hook.php(286): wp_melhor_envio_shipping_calculator->ajax_calc_shipping('')
#2 /var/www/html/wp-includes/class-wp-hook.php(310): WP_Hook->apply_filters('', Array)
#3 /var/www/html/wp-includes/plugin.php(453): WP_Hook->do_action(Array)
#4 /var/www/html/wp-admin/admin-ajax.php(112): do_action('wp_ajax_nopriv_...')
#5 {main}
  thrown

2018-08-03T16:05:35+00:00 CRITICAL Uncaught Error: Using $this when not in object context in /var/www/html/wp-content/plugins/cotacao-frete/cotacao-frete.php:28
Stack trace:
#0 /var/www/html/wp-includes/class-wp-hook.php(286): CotacaoFrete::createMenu('')
#1 /var/www/html/wp-includes/class-wp-hook.php(310): WP_Hook->apply_filters(NULL, Array)
#2 /var/www/html/wp-includes/plugin.php(453): WP_Hook->do_action(Array)
#3 /var/www/html/wp-admin/includes/menu.php(149): do_action('admin_menu', '')
#4 /var/www/html/wp-admin/menu.php(286): require_once('/var/www/html/w...')
#5 /var/www/html/wp-admin/admin.php(140): require('/var/www/html/w...')
#6 /var/www/html/wp-admin/plugins.php(10): require_once('/var/www/html/w...')
#7 {main}
  thrown

2018-08-03T16:06:11+00:00 CRITICAL Uncaught Error: Using $this when not in object context in /var/www/html/wp-content/plugins/cotacao-frete/cotacao-frete.php:37
Stack trace:
#0 /var/www/html/wp-includes/class-wp-hook.php(286): CotacaoFrete::createMenu('')
#1 /var/www/html/wp-includes/class-wp-hook.php(310): WP_Hook->apply_filters(NULL, Array)
#2 /var/www/html/wp-includes/plugin.php(453): WP_Hook->do_action(Array)
#3 /var/www/html/wp-admin/includes/menu.php(149): do_action('admin_menu', '')
#4 /var/www/html/wp-admin/menu.php(286): require_once('/var/www/html/w...')
#5 /var/www/html/wp-admin/admin.php(140): require('/var/www/html/w...')
#6 /var/www/html/wp-admin/plugins.php(10): require_once('/var/www/html/w...')
#7 {main}
  thrown

2018-08-03T16:18:21+00:00 CRITICAL Uncaught Error: Using $this when not in object context in /var/www/html/wp-content/plugins/cotacao-frete/cotacao-frete.php:29
Stack trace:
#0 /var/www/html/wp-includes/class-wp-hook.php(286): CotacaoFrete::createMenu('')
#1 /var/www/html/wp-includes/class-wp-hook.php(310): WP_Hook->apply_filters(NULL, Array)
#2 /var/www/html/wp-includes/plugin.php(453): WP_Hook->do_action(Array)
#3 /var/www/html/wp-admin/includes/menu.php(149): do_action('admin_menu', '')
#4 /var/www/html/wp-admin/menu.php(286): require_once('/var/www/html/w...')
#5 /var/www/html/wp-admin/admin.php(140): require('/var/www/html/w...')
#6 {main}
  thrown

2018-08-03T16:21:26+00:00 CRITICAL Uncaught Error: Using $this when not in object context in /var/www/html/wp-content/plugins/cotacao-frete/cotacao-frete.php:29
Stack trace:
#0 /var/www/html/wp-includes/class-wp-hook.php(286): CotacaoFrete::createMenu('')
#1 /var/www/html/wp-includes/class-wp-hook.php(310): WP_Hook->apply_filters(NULL, Array)
#2 /var/www/html/wp-includes/plugin.php(453): WP_Hook->do_action(Array)
#3 /var/www/html/wp-admin/includes/menu.php(149): do_action('admin_menu', '')
#4 /var/www/html/wp-admin/menu.php(286): require_once('/var/www/html/w...')
#5 /var/www/html/wp-admin/admin.php(140): require('/var/www/html/w...')
#6 {main}
  thrown

2018-08-03T16:22:28+00:00 CRITICAL Uncaught Error: Using $this when not in object context in /var/www/html/wp-content/plugins/cotacao-frete/cotacao-frete.php:29
Stack trace:
#0 /var/www/html/wp-includes/class-wp-hook.php(286): CotacaoFrete::createMenu('')
#1 /var/www/html/wp-includes/class-wp-hook.php(310): WP_Hook->apply_filters(NULL, Array)
#2 /var/www/html/wp-includes/plugin.php(453): WP_Hook->do_action(Array)
#3 /var/www/html/wp-admin/includes/menu.php(149): do_action('admin_menu', '')
#4 /var/www/html/wp-admin/menu.php(286): require_once('/var/www/html/w...')
#5 /var/www/html/wp-admin/admin.php(140): require('/var/www/html/w...')
#6 {main}
  thrown

2018-08-03T16:23:44+00:00 CRITICAL Uncaught Error: Using $this when not in object context in /var/www/html/wp-content/plugins/cotacao-frete/cotacao-frete.php:29
Stack trace:
#0 /var/www/html/wp-includes/class-wp-hook.php(286): CotacaoFrete::createMenu('')
#1 /var/www/html/wp-includes/class-wp-hook.php(310): WP_Hook->apply_filters(NULL, Array)
#2 /var/www/html/wp-includes/plugin.php(453): WP_Hook->do_action(Array)
#3 /var/www/html/wp-admin/includes/menu.php(149): do_action('admin_menu', '')
#4 /var/www/html/wp-admin/menu.php(286): require_once('/var/www/html/w...')
#5 /var/www/html/wp-admin/admin.php(140): require('/var/www/html/w...')
#6 {main}
  thrown

2018-08-03T16:23:45+00:00 CRITICAL Uncaught Error: Using $this when not in object context in /var/www/html/wp-content/plugins/cotacao-frete/cotacao-frete.php:29
Stack trace:
#0 /var/www/html/wp-includes/class-wp-hook.php(286): CotacaoFrete::createMenu('')
#1 /var/www/html/wp-includes/class-wp-hook.php(310): WP_Hook->apply_filters(NULL, Array)
#2 /var/www/html/wp-includes/plugin.php(453): WP_Hook->do_action(Array)
#3 /var/www/html/wp-admin/includes/menu.php(149): do_action('admin_menu', '')
#4 /var/www/html/wp-admin/menu.php(286): require_once('/var/www/html/w...')
#5 /var/www/html/wp-admin/admin.php(140): require('/var/www/html/w...')
#6 {main}
  thrown

2018-08-03T16:24:15+00:00 CRITICAL Uncaught Error: Using $this when not in object context in /var/www/html/wp-content/plugins/cotacao-frete/cotacao-frete.php:29
Stack trace:
#0 /var/www/html/wp-includes/class-wp-hook.php(286): CotacaoFrete::createMenu('')
#1 /var/www/html/wp-includes/class-wp-hook.php(310): WP_Hook->apply_filters(NULL, Array)
#2 /var/www/html/wp-includes/plugin.php(453): WP_Hook->do_action(Array)
#3 /var/www/html/wp-admin/includes/menu.php(149): do_action('admin_menu', '')
#4 /var/www/html/wp-admin/menu.php(286): require_once('/var/www/html/w...')
#5 /var/www/html/wp-admin/admin.php(140): require('/var/www/html/w...')
#6 {main}
  thrown

2018-08-03T16:49:50+00:00 CRITICAL Uncaught Error: Class 'TimberView' not found in /var/www/html/wp-content/plugins/cotacao-frete/cotacao-frete.php:26
Stack trace:
#0 /var/www/html/wp-includes/class-wp-hook.php(286): page_settings('')
#1 /var/www/html/wp-includes/class-wp-hook.php(310): WP_Hook->apply_filters('', Array)
#2 /var/www/html/wp-includes/plugin.php(453): WP_Hook->do_action(Array)
#3 /var/www/html/wp-admin/admin.php(224): do_action('toplevel_page_c...')
#4 {main}
  thrown

2018-08-03T17:08:52+00:00 CRITICAL Uncaught Error: Class 'WiredForms\Form_Factory' not found in /var/www/html/wp-content/plugins/cotacao-frete/cotacao-frete.php:27
Stack trace:
#0 /var/www/html/wp-includes/class-wp-hook.php(286): page_settings('')
#1 /var/www/html/wp-includes/class-wp-hook.php(310): WP_Hook->apply_filters('', Array)
#2 /var/www/html/wp-includes/plugin.php(453): WP_Hook->do_action(Array)
#3 /var/www/html/wp-admin/admin.php(224): do_action('toplevel_page_c...')
#4 {main}
  thrown

