2018-09-12T17:36:51+00:00 CRITICAL Cannot declare class woocommercemelhorenviointegration, because the name is already in use

2018-09-12T17:36:51+00:00 CRITICAL Cannot declare class woocommercemelhorenviointegration, because the name is already in use

2018-09-12T17:36:52+00:00 CRITICAL Cannot declare class woocommercemelhorenviointegration, because the name is already in use

2018-09-12T18:00:56+00:00 CRITICAL Class 'Models\bOrders' not found

2018-09-12T18:02:07+00:00 CRITICAL Class 'Models\bOrders' not found

2018-09-12T18:02:09+00:00 CRITICAL Class 'Models\bOrders' not found

2018-09-12T18:05:56+00:00 CRITICAL Class 'Models\bOrders' not found

2018-09-12T18:05:59+00:00 CRITICAL Class 'Models\bOrders' not found

2018-09-12T18:06:08+00:00 CRITICAL Class 'Models\bOrders' not found

2018-09-12T18:06:09+00:00 CRITICAL Class 'Models\bOrders' not found

2018-09-12T18:06:44+00:00 CRITICAL Class 'Models\bOrders' not found

2018-09-12T18:07:43+00:00 CRITICAL Class 'Models\bOrders' not found

2018-09-12T18:16:25+00:00 CRITICAL Class 'Models\bOrders' not found

2018-09-12T18:16:27+00:00 CRITICAL Class 'Models\bOrders' not found

2018-09-12T18:16:54+00:00 CRITICAL Class 'Core\bOrders' not found

2018-09-12T18:16:59+00:00 CRITICAL Class 'core\bOrders' not found

2018-09-12T18:17:27+00:00 CRITICAL Class 'core\base\bOrders' not found

2018-09-12T18:19:18+00:00 CRITICAL Interface 'interfaces\iOrders' not found

2018-09-12T18:20:50+00:00 CRITICAL Interface 'Core\interfaces\iOrders' not found

2018-09-12T18:21:47+00:00 CRITICAL Interface 'Core\interfaces\iOrders' not found

2018-09-12T18:22:12+00:00 CRITICAL Class 'Core\base\bOrders' not found

2018-09-12T18:23:34+00:00 CRITICAL Class 'Core\base\bOrders' not found

2018-09-12T18:23:36+00:00 CRITICAL Class 'Core\base\bOrders' not found

2018-09-12T18:23:37+00:00 CRITICAL Class 'Core\base\bOrders' not found

2018-09-12T18:23:47+00:00 CRITICAL Class 'Core\Bases\bOrders' not found

2018-09-12T18:23:49+00:00 CRITICAL Class 'Core\Bases\bOrders' not found

2018-09-12T18:23:53+00:00 CRITICAL Class 'Core\Bases\bOrders' not found

2018-09-12T18:28:59+00:00 CRITICAL Class 'Bases\bOrders' not found

2018-09-12T18:31:39+00:00 CRITICAL Class 'Bases\bOrders' not found

2018-09-12T18:31:40+00:00 CRITICAL Class 'Bases\bOrders' not found

2018-09-12T18:31:40+00:00 CRITICAL Class 'Bases\bOrders' not found

2018-09-13T09:13:47+00:00 CRITICAL Class 'Bases\bOrders' not found

2018-09-13T09:14:10+00:00 CRITICAL Class 'Bases\bOrders' not found

