2018-03-16T11:56:33+00:00 CRITICAL Uncaught ArgumentCountError: Too few arguments to function wpdb::prepare(), 1 passed in /var/www/html/wp-content/plugins/melhor-envio-cotacao/classes/tracking.php on line 22 and exactly 2 expected in /var/www/html/wp-includes/wp-db.php:1222
Stack trace:
#0 /var/www/html/wp-content/plugins/melhor-envio-cotacao/classes/tracking.php(22): wpdb->prepare('SELECT * FROM w...')
#1 /var/www/html/wp-content/plugins/melhor-envio-cotacao/classes/orders.php(510): wpmelhorenvio_data_getAllTrackings()
#2 /var/www/html/wp-content/plugins/melhor-envio-cotacao/woocommerce-melhor-envio-integration.php(230): wpmelhorenvio_updateStatusTracking()
#3 /var/www/html/wp-includes/class-wp-hook.php(286): wpmelhorenvio_ajax_updateStatusTracking('')
#4 /var/www/html/wp-includes/class-wp-hook.php(310): WP_Hook->apply_filters('', Array)
#5 /var/www/html/wp-includes/plugin.php(453): WP_Hook->do_action(Array)
#6 /var/www/html/wp-admin/admin-ajax.php(97): do_action('wp_ajax_wpmelho...')
#7 {main}
  thrown

2018-03-16T14:45:01+00:00 CRITICAL Uncaught Error: Cannot use object of type WP_Error as array in /var/www/html/wp-content/plugins/melhor-envio-cotacao/classes/quotation.php:43
Stack trace:
#0 /var/www/html/wp-content/plugins/melhor-envio-cotacao/classes/shipping.php(26): wpmelhorenvio_getCotacao(Array)
#1 /var/www/html/wp-content/plugins/woocommerce/includes/abstracts/abstract-wc-shipping-method.php(207): Wpmelhorenvio_Shipping_Method->calculate_shipping(Array)
#2 /var/www/html/wp-content/plugins/woocommerce/includes/class-wc-shipping.php(333): WC_Shipping_Method->get_rates_for_package(Array)
#3 /var/www/html/wp-content/plugins/woocommerce/includes/class-wc-shipping.php(260): WC_Shipping->calculate_shipping_for_package(Array, 0)
#4 /var/www/html/wp-content/plugins/woocommerce/includes/class-wc-cart.php(1249): WC_Shipping->calculate_shipping(Array)
#5 /var/www/html/wp-content/plugins/woocommerce/includes/class-wc-cart-totals.php(345): WC_Cart->calculate_shipping()
#6 /var/www/html/wp-content/plugins/woocommerce/includes/class-wc-cart-totals.ph

2018-03-16T14:45:06+00:00 CRITICAL Uncaught Error: Cannot use object of type WP_Error as array in /var/www/html/wp-content/plugins/melhor-envio-cotacao/classes/quotation.php:43
Stack trace:
#0 /var/www/html/wp-content/plugins/melhor-envio-cotacao/classes/shipping.php(26): wpmelhorenvio_getCotacao(Array)
#1 /var/www/html/wp-content/plugins/woocommerce/includes/abstracts/abstract-wc-shipping-method.php(207): Wpmelhorenvio_Shipping_Method->calculate_shipping(Array)
#2 /var/www/html/wp-content/plugins/woocommerce/includes/class-wc-shipping.php(333): WC_Shipping_Method->get_rates_for_package(Array)
#3 /var/www/html/wp-content/plugins/woocommerce/includes/class-wc-shipping.php(260): WC_Shipping->calculate_shipping_for_package(Array, 0)
#4 /var/www/html/wp-content/plugins/woocommerce/includes/class-wc-cart.php(1249): WC_Shipping->calculate_shipping(Array)
#5 /var/www/html/wp-content/plugins/woocommerce/includes/class-wc-cart-totals.php(345): WC_Cart->calculate_shipping()
#6 /var/www/html/wp-content/plugins/woocommerce/includes/class-wc-cart-totals.ph

2018-03-16T15:01:50+00:00 CRITICAL Uncaught Error: Cannot use object of type WP_Error as array in /var/www/html/wp-content/plugins/melhor-envio-cotacao/classes/quotation.php:43
Stack trace:
#0 /var/www/html/wp-content/plugins/melhor-envio-cotacao/classes/shipping.php(26): wpmelhorenvio_getCotacao(Array)
#1 /var/www/html/wp-content/plugins/woocommerce/includes/abstracts/abstract-wc-shipping-method.php(207): Wpmelhorenvio_Shipping_Method->calculate_shipping(Array)
#2 /var/www/html/wp-content/plugins/woocommerce/includes/class-wc-shipping.php(333): WC_Shipping_Method->get_rates_for_package(Array)
#3 /var/www/html/wp-content/plugins/woocommerce/includes/class-wc-shipping.php(260): WC_Shipping->calculate_shipping_for_package(Array, 0)
#4 /var/www/html/wp-content/plugins/woocommerce/includes/class-wc-cart.php(1249): WC_Shipping->calculate_shipping(Array)
#5 /var/www/html/wp-content/plugins/woocommerce/includes/class-wc-cart-totals.php(345): WC_Cart->calculate_shipping()
#6 /var/www/html/wp-content/plugins/woocommerce/includes/class-wc-cart-totals.ph

2018-03-16T15:13:52+00:00 CRITICAL Uncaught Error: Cannot use object of type WC_Product_Variation as array in /var/www/html/wp-content/plugins/melhor-envio-cotacao/classes/quotation.php:44
Stack trace:
#0 /var/www/html/wp-content/plugins/melhor-envio-cotacao/classes/shipping.php(26): wpmelhorenvio_getCotacao(Array)
#1 /var/www/html/wp-content/plugins/woocommerce/includes/abstracts/abstract-wc-shipping-method.php(207): Wpmelhorenvio_Shipping_Method->calculate_shipping(Array)
#2 /var/www/html/wp-content/plugins/woocommerce/includes/class-wc-shipping.php(333): WC_Shipping_Method->get_rates_for_package(Array)
#3 /var/www/html/wp-content/plugins/woocommerce/includes/class-wc-shipping.php(260): WC_Shipping->calculate_shipping_for_package(Array, 0)
#4 /var/www/html/wp-content/plugins/woocommerce/includes/class-wc-cart.php(1249): WC_Shipping->calculate_shipping(Array)
#5 /var/www/html/wp-content/plugins/woocommerce/includes/class-wc-cart-totals.php(345): WC_Cart->calculate_shipping()
#6 /var/www/html/wp-content/plugins/woocommerce/includes/class-wc-ca

2018-03-16T15:16:56+00:00 CRITICAL Uncaught Error: Call to undefined method WC_Product_Variation::gettitle() in /var/www/html/wp-content/plugins/melhor-envio-cotacao/classes/quotation.php:44
Stack trace:
#0 /var/www/html/wp-content/plugins/melhor-envio-cotacao/classes/shipping.php(26): wpmelhorenvio_getCotacao(Array)
#1 /var/www/html/wp-content/plugins/woocommerce/includes/abstracts/abstract-wc-shipping-method.php(207): Wpmelhorenvio_Shipping_Method->calculate_shipping(Array)
#2 /var/www/html/wp-content/plugins/woocommerce/includes/class-wc-shipping.php(333): WC_Shipping_Method->get_rates_for_package(Array)
#3 /var/www/html/wp-content/plugins/woocommerce/includes/class-wc-shipping.php(260): WC_Shipping->calculate_shipping_for_package(Array, 0)
#4 /var/www/html/wp-content/plugins/woocommerce/includes/class-wc-cart.php(1249): WC_Shipping->calculate_shipping(Array)
#5 /var/www/html/wp-content/plugins/woocommerce/includes/class-wc-cart-totals.php(345): WC_Cart->calculate_shipping()
#6 /var/www/html/wp-content/plugins/woocommerce/includes/class-wc-

2018-03-16T15:17:04+00:00 CRITICAL Uncaught Error: Call to undefined method WC_Product_Variation::getTitle() in /var/www/html/wp-content/plugins/melhor-envio-cotacao/classes/quotation.php:44
Stack trace:
#0 /var/www/html/wp-content/plugins/melhor-envio-cotacao/classes/shipping.php(26): wpmelhorenvio_getCotacao(Array)
#1 /var/www/html/wp-content/plugins/woocommerce/includes/abstracts/abstract-wc-shipping-method.php(207): Wpmelhorenvio_Shipping_Method->calculate_shipping(Array)
#2 /var/www/html/wp-content/plugins/woocommerce/includes/class-wc-shipping.php(333): WC_Shipping_Method->get_rates_for_package(Array)
#3 /var/www/html/wp-content/plugins/woocommerce/includes/class-wc-shipping.php(260): WC_Shipping->calculate_shipping_for_package(Array, 0)
#4 /var/www/html/wp-content/plugins/woocommerce/includes/class-wc-cart.php(1249): WC_Shipping->calculate_shipping(Array)
#5 /var/www/html/wp-content/plugins/woocommerce/includes/class-wc-cart-totals.php(345): WC_Cart->calculate_shipping()
#6 /var/www/html/wp-content/plugins/woocommerce/includes/class-wc-

2018-03-16T15:17:16+00:00 CRITICAL Uncaught Error: Call to a member function getTitle() on array in /var/www/html/wp-content/plugins/melhor-envio-cotacao/classes/quotation.php:44
Stack trace:
#0 /var/www/html/wp-content/plugins/melhor-envio-cotacao/classes/shipping.php(26): wpmelhorenvio_getCotacao(Array)
#1 /var/www/html/wp-content/plugins/woocommerce/includes/abstracts/abstract-wc-shipping-method.php(207): Wpmelhorenvio_Shipping_Method->calculate_shipping(Array)
#2 /var/www/html/wp-content/plugins/woocommerce/includes/class-wc-shipping.php(333): WC_Shipping_Method->get_rates_for_package(Array)
#3 /var/www/html/wp-content/plugins/woocommerce/includes/class-wc-shipping.php(260): WC_Shipping->calculate_shipping_for_package(Array, 0)
#4 /var/www/html/wp-content/plugins/woocommerce/includes/class-wc-cart.php(1249): WC_Shipping->calculate_shipping(Array)
#5 /var/www/html/wp-content/plugins/woocommerce/includes/class-wc-cart-totals.php(345): WC_Cart->calculate_shipping()
#6 /var/www/html/wp-content/plugins/woocommerce/includes/class-wc-cart-totals.

2018-03-16T15:40:53+00:00 CRITICAL Uncaught Error: Call to a member function getTitle() on string in /var/www/html/wp-content/plugins/melhor-envio-cotacao/classes/quotation.php:66
Stack trace:
#0 /var/www/html/wp-content/plugins/melhor-envio-cotacao/classes/quotation.php(44): wpmelhorenvio_logsError(Array, Array)
#1 /var/www/html/wp-content/plugins/melhor-envio-cotacao/classes/shipping.php(26): wpmelhorenvio_getCotacao(Array)
#2 /var/www/html/wp-content/plugins/woocommerce/includes/abstracts/abstract-wc-shipping-method.php(207): Wpmelhorenvio_Shipping_Method->calculate_shipping(Array)
#3 /var/www/html/wp-content/plugins/woocommerce/includes/class-wc-shipping.php(333): WC_Shipping_Method->get_rates_for_package(Array)
#4 /var/www/html/wp-content/plugins/woocommerce/includes/class-wc-shipping.php(260): WC_Shipping->calculate_shipping_for_package(Array, 0)
#5 /var/www/html/wp-content/plugins/woocommerce/includes/class-wc-cart.php(1249): WC_Shipping->calculate_shipping(Array)
#6 /var/www/html/wp-content/plugins/woocommerce/includes/class-wc-cart-to

2018-03-16T15:40:54+00:00 CRITICAL Uncaught Error: Call to a member function getTitle() on string in /var/www/html/wp-content/plugins/melhor-envio-cotacao/classes/quotation.php:66
Stack trace:
#0 /var/www/html/wp-content/plugins/melhor-envio-cotacao/classes/quotation.php(44): wpmelhorenvio_logsError(Array, Array)
#1 /var/www/html/wp-content/plugins/melhor-envio-cotacao/classes/shipping.php(26): wpmelhorenvio_getCotacao(Array)
#2 /var/www/html/wp-content/plugins/woocommerce/includes/abstracts/abstract-wc-shipping-method.php(207): Wpmelhorenvio_Shipping_Method->calculate_shipping(Array)
#3 /var/www/html/wp-content/plugins/woocommerce/includes/class-wc-shipping.php(333): WC_Shipping_Method->get_rates_for_package(Array)
#4 /var/www/html/wp-content/plugins/woocommerce/includes/class-wc-shipping.php(260): WC_Shipping->calculate_shipping_for_package(Array, 0)
#5 /var/www/html/wp-content/plugins/woocommerce/includes/class-wc-cart.php(1249): WC_Shipping->calculate_shipping(Array)
#6 /var/www/html/wp-content/plugins/woocommerce/includes/class-wc-cart-to

2018-03-16T15:42:23+00:00 CRITICAL Uncaught Error: Call to a member function get_parent_id() on string in /var/www/html/wp-content/plugins/melhor-envio-cotacao/classes/quotation.php:66
Stack trace:
#0 /var/www/html/wp-content/plugins/melhor-envio-cotacao/classes/quotation.php(44): wpmelhorenvio_logsError(Array, Array)
#1 /var/www/html/wp-content/plugins/melhor-envio-cotacao/classes/shipping.php(26): wpmelhorenvio_getCotacao(Array)
#2 /var/www/html/wp-content/plugins/woocommerce/includes/abstracts/abstract-wc-shipping-method.php(207): Wpmelhorenvio_Shipping_Method->calculate_shipping(Array)
#3 /var/www/html/wp-content/plugins/woocommerce/includes/class-wc-shipping.php(333): WC_Shipping_Method->get_rates_for_package(Array)
#4 /var/www/html/wp-content/plugins/woocommerce/includes/class-wc-shipping.php(260): WC_Shipping->calculate_shipping_for_package(Array, 0)
#5 /var/www/html/wp-content/plugins/woocommerce/includes/class-wc-cart.php(1249): WC_Shipping->calculate_shipping(Array)
#6 /var/www/html/wp-content/plugins/woocommerce/includes/class-wc-ca

2018-03-16T15:42:26+00:00 CRITICAL Uncaught Error: Call to a member function get_parent_id() on string in /var/www/html/wp-content/plugins/melhor-envio-cotacao/classes/quotation.php:66
Stack trace:
#0 /var/www/html/wp-content/plugins/melhor-envio-cotacao/classes/quotation.php(44): wpmelhorenvio_logsError(Array, Array)
#1 /var/www/html/wp-content/plugins/melhor-envio-cotacao/classes/shipping.php(26): wpmelhorenvio_getCotacao(Array)
#2 /var/www/html/wp-content/plugins/woocommerce/includes/abstracts/abstract-wc-shipping-method.php(207): Wpmelhorenvio_Shipping_Method->calculate_shipping(Array)
#3 /var/www/html/wp-content/plugins/woocommerce/includes/class-wc-shipping.php(333): WC_Shipping_Method->get_rates_for_package(Array)
#4 /var/www/html/wp-content/plugins/woocommerce/includes/class-wc-shipping.php(260): WC_Shipping->calculate_shipping_for_package(Array, 0)
#5 /var/www/html/wp-content/plugins/woocommerce/includes/class-wc-cart.php(1249): WC_Shipping->calculate_shipping(Array)
#6 /var/www/html/wp-content/plugins/woocommerce/includes/class-wc-ca

2018-03-16T15:44:29+00:00 CRITICAL Uncaught Error: Call to a member function getName() on string in /var/www/html/wp-content/plugins/melhor-envio-cotacao/classes/quotation.php:66
Stack trace:
#0 /var/www/html/wp-content/plugins/melhor-envio-cotacao/classes/quotation.php(44): wpmelhorenvio_logsError(Array, Array)
#1 /var/www/html/wp-content/plugins/melhor-envio-cotacao/classes/shipping.php(26): wpmelhorenvio_getCotacao(Array)
#2 /var/www/html/wp-content/plugins/woocommerce/includes/abstracts/abstract-wc-shipping-method.php(207): Wpmelhorenvio_Shipping_Method->calculate_shipping(Array)
#3 /var/www/html/wp-content/plugins/woocommerce/includes/class-wc-shipping.php(333): WC_Shipping_Method->get_rates_for_package(Array)
#4 /var/www/html/wp-content/plugins/woocommerce/includes/class-wc-shipping.php(260): WC_Shipping->calculate_shipping_for_package(Array, 0)
#5 /var/www/html/wp-content/plugins/woocommerce/includes/class-wc-cart.php(1249): WC_Shipping->calculate_shipping(Array)
#6 /var/www/html/wp-content/plugins/woocommerce/includes/class-wc-cart-tot

2018-03-16T15:49:51+00:00 CRITICAL Uncaught Error: Using $this when not in object context in /var/www/html/wp-content/plugins/melhor-envio-cotacao/classes/quotation.php:68
Stack trace:
#0 /var/www/html/wp-content/plugins/melhor-envio-cotacao/classes/quotation.php(44): wpmelhorenvio_logsError(Array, Array)
#1 /var/www/html/wp-content/plugins/melhor-envio-cotacao/classes/shipping.php(26): wpmelhorenvio_getCotacao(Array)
#2 /var/www/html/wp-content/plugins/woocommerce/includes/abstracts/abstract-wc-shipping-method.php(207): Wpmelhorenvio_Shipping_Method->calculate_shipping(Array)
#3 /var/www/html/wp-content/plugins/woocommerce/includes/class-wc-shipping.php(333): WC_Shipping_Method->get_rates_for_package(Array)
#4 /var/www/html/wp-content/plugins/woocommerce/includes/class-wc-shipping.php(260): WC_Shipping->calculate_shipping_for_package(Array, 0)
#5 /var/www/html/wp-content/plugins/woocommerce/includes/class-wc-cart.php(1249): WC_Shipping->calculate_shipping(Array)
#6 /var/www/html/wp-content/plugins/woocommerce/includes/class-wc-cart-totals.php

2018-03-16T15:52:14+00:00 CRITICAL Uncaught Error: Call to undefined method WC_Product_Variation::getTitle() in /var/www/html/wp-content/plugins/melhor-envio-cotacao/classes/quotation.php:67
Stack trace:
#0 /var/www/html/wp-content/plugins/melhor-envio-cotacao/classes/quotation.php(44): wpmelhorenvio_logsError(Array, Array)
#1 /var/www/html/wp-content/plugins/melhor-envio-cotacao/classes/shipping.php(26): wpmelhorenvio_getCotacao(Array)
#2 /var/www/html/wp-content/plugins/woocommerce/includes/abstracts/abstract-wc-shipping-method.php(207): Wpmelhorenvio_Shipping_Method->calculate_shipping(Array)
#3 /var/www/html/wp-content/plugins/woocommerce/includes/class-wc-shipping.php(333): WC_Shipping_Method->get_rates_for_package(Array)
#4 /var/www/html/wp-content/plugins/woocommerce/includes/class-wc-shipping.php(260): WC_Shipping->calculate_shipping_for_package(Array, 0)
#5 /var/www/html/wp-content/plugins/woocommerce/includes/class-wc-cart.php(1249): WC_Shipping->calculate_shipping(Array)
#6 /var/www/html/wp-content/plugins/woocommerce/includes/class

2018-03-16T15:59:35+00:00 CRITICAL Uncaught Error: Cannot use object of type WP_Error as array in /var/www/html/wp-content/plugins/melhor-envio-cotacao/classes/quotation.php:52
Stack trace:
#0 /var/www/html/wp-content/plugins/melhor-envio-cotacao/classes/quotation.php(44): wpmelhorenvio_logsError(Object(WP_Error), Array)
#1 /var/www/html/wp-content/plugins/melhor-envio-cotacao/classes/shipping.php(26): wpmelhorenvio_getCotacao(Array)
#2 /var/www/html/wp-content/plugins/woocommerce/includes/abstracts/abstract-wc-shipping-method.php(207): Wpmelhorenvio_Shipping_Method->calculate_shipping(Array)
#3 /var/www/html/wp-content/plugins/woocommerce/includes/class-wc-shipping.php(333): WC_Shipping_Method->get_rates_for_package(Array)
#4 /var/www/html/wp-content/plugins/woocommerce/includes/class-wc-shipping.php(260): WC_Shipping->calculate_shipping_for_package(Array, 0)
#5 /var/www/html/wp-content/plugins/woocommerce/includes/class-wc-cart.php(1249): WC_Shipping->calculate_shipping(Array)
#6 /var/www/html/wp-content/plugins/woocommerce/includes/class-wc

2018-03-16T16:32:21+00:00 CRITICAL Uncaught Error: Function name must be a string in /var/www/html/wp-content/plugins/melhor-envio-cotacao/classes/quotation.php:72
Stack trace:
#0 /var/www/html/wp-content/plugins/melhor-envio-cotacao/classes/quotation.php(44): wpmelhorenvio_logsError(Array, Array)
#1 /var/www/html/wp-content/plugins/melhor-envio-cotacao/classes/shipping.php(26): wpmelhorenvio_getCotacao(Array)
#2 /var/www/html/wp-content/plugins/woocommerce/includes/abstracts/abstract-wc-shipping-method.php(207): Wpmelhorenvio_Shipping_Method->calculate_shipping(Array)
#3 /var/www/html/wp-content/plugins/woocommerce/includes/class-wc-shipping.php(333): WC_Shipping_Method->get_rates_for_package(Array)
#4 /var/www/html/wp-content/plugins/woocommerce/includes/class-wc-shipping.php(260): WC_Shipping->calculate_shipping_for_package(Array, 0)
#5 /var/www/html/wp-content/plugins/woocommerce/includes/class-wc-cart.php(1249): WC_Shipping->calculate_shipping(Array)
#6 /var/www/html/wp-content/plugins/woocommerce/includes/class-wc-cart-totals.php(345): W

2018-03-16T16:34:23+00:00 CRITICAL Uncaught Error: Cannot use object of type WP_Error as array in /var/www/html/wp-content/plugins/melhor-envio-cotacao/classes/quotation.php:52
Stack trace:
#0 /var/www/html/wp-content/plugins/melhor-envio-cotacao/classes/quotation.php(44): wpmelhorenvio_logsError(Object(WP_Error), Array)
#1 /var/www/html/wp-content/plugins/melhor-envio-cotacao/classes/shipping.php(26): wpmelhorenvio_getCotacao(Array)
#2 /var/www/html/wp-content/plugins/woocommerce/includes/abstracts/abstract-wc-shipping-method.php(207): Wpmelhorenvio_Shipping_Method->calculate_shipping(Array)
#3 /var/www/html/wp-content/plugins/woocommerce/includes/class-wc-shipping.php(333): WC_Shipping_Method->get_rates_for_package(Array)
#4 /var/www/html/wp-content/plugins/woocommerce/includes/class-wc-shipping.php(260): WC_Shipping->calculate_shipping_for_package(Array, 0)
#5 /var/www/html/wp-content/plugins/woocommerce/includes/class-wc-cart.php(1249): WC_Shipping->calculate_shipping(Array)
#6 /var/www/html/wp-content/plugins/woocommerce/includes/class-wc

2018-03-16T16:35:24+00:00 CRITICAL Uncaught Error: Cannot use object of type WP_Error as array in /var/www/html/wp-content/plugins/melhor-envio-cotacao/classes/quotation.php:52
Stack trace:
#0 /var/www/html/wp-content/plugins/melhor-envio-cotacao/classes/quotation.php(44): wpmelhorenvio_logsError(Object(WP_Error), Array)
#1 /var/www/html/wp-content/plugins/melhor-envio-cotacao/classes/shipping.php(26): wpmelhorenvio_getCotacao(Array)
#2 /var/www/html/wp-content/plugins/woocommerce/includes/abstracts/abstract-wc-shipping-method.php(207): Wpmelhorenvio_Shipping_Method->calculate_shipping(Array)
#3 /var/www/html/wp-content/plugins/woocommerce/includes/class-wc-shipping.php(333): WC_Shipping_Method->get_rates_for_package(Array)
#4 /var/www/html/wp-content/plugins/woocommerce/includes/class-wc-shipping.php(260): WC_Shipping->calculate_shipping_for_package(Array, 0)
#5 /var/www/html/wp-content/plugins/woocommerce/includes/class-wc-cart.php(1249): WC_Shipping->calculate_shipping(Array)
#6 /var/www/html/wp-content/plugins/woocommerce/includes/class-wc

2018-03-16T16:48:55+00:00 CRITICAL Uncaught Error: Cannot use object of type WP_Error as array in /var/www/html/wp-content/plugins/melhor-envio-cotacao/classes/quotation.php:52
Stack trace:
#0 /var/www/html/wp-content/plugins/melhor-envio-cotacao/classes/quotation.php(44): wpmelhorenvio_logsError(Object(WP_Error), Array)
#1 /var/www/html/wp-content/plugins/melhor-envio-cotacao/classes/shipping.php(26): wpmelhorenvio_getCotacao(Array)
#2 /var/www/html/wp-content/plugins/woocommerce/includes/abstracts/abstract-wc-shipping-method.php(207): Wpmelhorenvio_Shipping_Method->calculate_shipping(Array)
#3 /var/www/html/wp-content/plugins/woocommerce/includes/class-wc-shipping.php(333): WC_Shipping_Method->get_rates_for_package(Array)
#4 /var/www/html/wp-content/plugins/woocommerce/includes/class-wc-shipping.php(260): WC_Shipping->calculate_shipping_for_package(Array, 0)
#5 /var/www/html/wp-content/plugins/woocommerce/includes/class-wc-cart.php(1249): WC_Shipping->calculate_shipping(Array)
#6 /var/www/html/wp-content/plugins/woocommerce/includes/class-wc

2018-03-16T17:04:17+00:00 CRITICAL Uncaught Error: Cannot use object of type WP_Error as array in /var/www/html/wp-content/plugins/melhor-envio-cotacao/classes/quotation.php:52
Stack trace:
#0 /var/www/html/wp-content/plugins/melhor-envio-cotacao/classes/quotation.php(44): wpmelhorenvio_logsError(Object(WP_Error), Array)
#1 /var/www/html/wp-content/plugins/melhor-envio-cotacao/classes/shipping.php(26): wpmelhorenvio_getCotacao(Array)
#2 /var/www/html/wp-content/plugins/woocommerce/includes/abstracts/abstract-wc-shipping-method.php(207): Wpmelhorenvio_Shipping_Method->calculate_shipping(Array)
#3 /var/www/html/wp-content/plugins/woocommerce/includes/class-wc-shipping.php(333): WC_Shipping_Method->get_rates_for_package(Array)
#4 /var/www/html/wp-content/plugins/woocommerce/includes/class-wc-shipping.php(260): WC_Shipping->calculate_shipping_for_package(Array, 0)
#5 /var/www/html/wp-content/plugins/woocommerce/includes/class-wc-cart.php(1249): WC_Shipping->calculate_shipping(Array)
#6 /var/www/html/wp-content/plugins/woocommerce/includes/class-wc

2018-03-16T17:04:21+00:00 CRITICAL Uncaught Error: Cannot use object of type WP_Error as array in /var/www/html/wp-content/plugins/melhor-envio-cotacao/classes/quotation.php:52
Stack trace:
#0 /var/www/html/wp-content/plugins/melhor-envio-cotacao/classes/quotation.php(44): wpmelhorenvio_logsError(Object(WP_Error), Array)
#1 /var/www/html/wp-content/plugins/melhor-envio-cotacao/classes/shipping.php(26): wpmelhorenvio_getCotacao(Array)
#2 /var/www/html/wp-content/plugins/woocommerce/includes/abstracts/abstract-wc-shipping-method.php(207): Wpmelhorenvio_Shipping_Method->calculate_shipping(Array)
#3 /var/www/html/wp-content/plugins/woocommerce/includes/class-wc-shipping.php(333): WC_Shipping_Method->get_rates_for_package(Array)
#4 /var/www/html/wp-content/plugins/woocommerce/includes/class-wc-shipping.php(260): WC_Shipping->calculate_shipping_for_package(Array, 0)
#5 /var/www/html/wp-content/plugins/woocommerce/includes/class-wc-cart.php(1249): WC_Shipping->calculate_shipping(Array)
#6 /var/www/html/wp-content/plugins/woocommerce/includes/class-wc

2018-03-16T17:18:44+00:00 CRITICAL Uncaught Error: Cannot use object of type WP_Error as array in /var/www/html/wp-content/plugins/melhor-envio-cotacao/classes/quotation.php:52
Stack trace:
#0 /var/www/html/wp-content/plugins/melhor-envio-cotacao/classes/quotation.php(44): wpmelhorenvio_logsError(Object(WP_Error), Array)
#1 /var/www/html/wp-content/plugins/melhor-envio-cotacao/classes/shipping.php(26): wpmelhorenvio_getCotacao(Array)
#2 /var/www/html/wp-content/plugins/woocommerce/includes/abstracts/abstract-wc-shipping-method.php(207): Wpmelhorenvio_Shipping_Method->calculate_shipping(Array)
#3 /var/www/html/wp-content/plugins/woocommerce/includes/class-wc-shipping.php(333): WC_Shipping_Method->get_rates_for_package(Array)
#4 /var/www/html/wp-content/plugins/woocommerce/includes/class-wc-shipping.php(260): WC_Shipping->calculate_shipping_for_package(Array, 0)
#5 /var/www/html/wp-content/plugins/woocommerce/includes/class-wc-cart.php(1249): WC_Shipping->calculate_shipping(Array)
#6 /var/www/html/wp-content/plugins/woocommerce/includes/class-wc

2018-03-16T17:18:56+00:00 CRITICAL Uncaught Error: Cannot use object of type WP_Error as array in /var/www/html/wp-content/plugins/melhor-envio-cotacao/classes/quotation.php:52
Stack trace:
#0 /var/www/html/wp-content/plugins/melhor-envio-cotacao/classes/quotation.php(44): wpmelhorenvio_logsError(Object(WP_Error), Array)
#1 /var/www/html/wp-content/plugins/melhor-envio-cotacao/classes/shipping.php(26): wpmelhorenvio_getCotacao(Array)
#2 /var/www/html/wp-content/plugins/woocommerce/includes/abstracts/abstract-wc-shipping-method.php(207): Wpmelhorenvio_Shipping_Method->calculate_shipping(Array)
#3 /var/www/html/wp-content/plugins/woocommerce/includes/class-wc-shipping.php(333): WC_Shipping_Method->get_rates_for_package(Array)
#4 /var/www/html/wp-content/plugins/woocommerce/includes/class-wc-shipping.php(260): WC_Shipping->calculate_shipping_for_package(Array, 0)
#5 /var/www/html/wp-content/plugins/woocommerce/includes/class-wc-cart.php(1249): WC_Shipping->calculate_shipping(Array)
#6 /var/www/html/wp-content/plugins/woocommerce/includes/class-wc

