2018-03-09T15:04:01+00:00 CRITICAL Uncaught ArgumentCountError: Too few arguments to function wpdb::prepare(), 1 passed in /var/www/html/wp-content/plugins/melhor-envio-cotacao/classes/tracking.php on line 22 and exactly 2 expected in /var/www/html/wp-includes/wp-db.php:1222
Stack trace:
#0 /var/www/html/wp-content/plugins/melhor-envio-cotacao/classes/tracking.php(22): wpdb->prepare('SELECT * FROM w...')
#1 /var/www/html/wp-content/plugins/melhor-envio-cotacao/classes/orders.php(510): wpmelhorenvio_data_getAllTrackings()
#2 /var/www/html/wp-content/plugins/melhor-envio-cotacao/woocommerce-melhor-envio-integration.php(230): wpmelhorenvio_updateStatusTracking()
#3 /var/www/html/wp-includes/class-wp-hook.php(286): wpmelhorenvio_ajax_updateStatusTracking('')
#4 /var/www/html/wp-includes/class-wp-hook.php(310): WP_Hook->apply_filters('', Array)
#5 /var/www/html/wp-includes/plugin.php(453): WP_Hook->do_action(Array)
#6 /var/www/html/wp-admin/admin-ajax.php(97): do_action('wp_ajax_wpmelho...')
#7 {main}
  thrown

2018-03-09T15:27:42+00:00 CRITICAL Uncaught ArgumentCountError: Too few arguments to function wpdb::prepare(), 1 passed in /var/www/html/wp-content/plugins/melhor-envio-cotacao/classes/tracking.php on line 22 and exactly 2 expected in /var/www/html/wp-includes/wp-db.php:1222
Stack trace:
#0 /var/www/html/wp-content/plugins/melhor-envio-cotacao/classes/tracking.php(22): wpdb->prepare('SELECT * FROM w...')
#1 /var/www/html/wp-content/plugins/melhor-envio-cotacao/classes/orders.php(510): wpmelhorenvio_data_getAllTrackings()
#2 /var/www/html/wp-content/plugins/melhor-envio-cotacao/woocommerce-melhor-envio-integration.php(230): wpmelhorenvio_updateStatusTracking()
#3 /var/www/html/wp-includes/class-wp-hook.php(286): wpmelhorenvio_ajax_updateStatusTracking('')
#4 /var/www/html/wp-includes/class-wp-hook.php(310): WP_Hook->apply_filters('', Array)
#5 /var/www/html/wp-includes/plugin.php(453): WP_Hook->do_action(Array)
#6 /var/www/html/wp-admin/admin-ajax.php(97): do_action('wp_ajax_wpmelho...')
#7 {main}
  thrown

2018-03-09T15:28:04+00:00 CRITICAL Uncaught ArgumentCountError: Too few arguments to function wpdb::prepare(), 1 passed in /var/www/html/wp-content/plugins/melhor-envio-cotacao/classes/tracking.php on line 22 and exactly 2 expected in /var/www/html/wp-includes/wp-db.php:1222
Stack trace:
#0 /var/www/html/wp-content/plugins/melhor-envio-cotacao/classes/tracking.php(22): wpdb->prepare('SELECT * FROM w...')
#1 /var/www/html/wp-content/plugins/melhor-envio-cotacao/classes/orders.php(510): wpmelhorenvio_data_getAllTrackings()
#2 /var/www/html/wp-content/plugins/melhor-envio-cotacao/woocommerce-melhor-envio-integration.php(230): wpmelhorenvio_updateStatusTracking()
#3 /var/www/html/wp-includes/class-wp-hook.php(286): wpmelhorenvio_ajax_updateStatusTracking('')
#4 /var/www/html/wp-includes/class-wp-hook.php(310): WP_Hook->apply_filters('', Array)
#5 /var/www/html/wp-includes/plugin.php(453): WP_Hook->do_action(Array)
#6 /var/www/html/wp-admin/admin-ajax.php(97): do_action('wp_ajax_wpmelho...')
#7 {main}
  thrown

2018-03-14T11:35:22+00:00 CRITICAL Uncaught ArgumentCountError: Too few arguments to function wpdb::prepare(), 1 passed in /var/www/html/wp-content/plugins/melhor-envio-cotacao/classes/tracking.php on line 22 and exactly 2 expected in /var/www/html/wp-includes/wp-db.php:1222
Stack trace:
#0 /var/www/html/wp-content/plugins/melhor-envio-cotacao/classes/tracking.php(22): wpdb->prepare('SELECT * FROM w...')
#1 /var/www/html/wp-content/plugins/melhor-envio-cotacao/classes/orders.php(510): wpmelhorenvio_data_getAllTrackings()
#2 /var/www/html/wp-content/plugins/melhor-envio-cotacao/woocommerce-melhor-envio-integration.php(230): wpmelhorenvio_updateStatusTracking()
#3 /var/www/html/wp-includes/class-wp-hook.php(286): wpmelhorenvio_ajax_updateStatusTracking('')
#4 /var/www/html/wp-includes/class-wp-hook.php(310): WP_Hook->apply_filters('', Array)
#5 /var/www/html/wp-includes/plugin.php(453): WP_Hook->do_action(Array)
#6 /var/www/html/wp-admin/admin-ajax.php(97): do_action('wp_ajax_wpmelho...')
#7 {main}
  thrown

2018-03-14T11:36:48+00:00 CRITICAL Uncaught ArgumentCountError: Too few arguments to function wpdb::prepare(), 1 passed in /var/www/html/wp-content/plugins/melhor-envio-cotacao/classes/tracking.php on line 22 and exactly 2 expected in /var/www/html/wp-includes/wp-db.php:1222
Stack trace:
#0 /var/www/html/wp-content/plugins/melhor-envio-cotacao/classes/tracking.php(22): wpdb->prepare('SELECT * FROM w...')
#1 /var/www/html/wp-content/plugins/melhor-envio-cotacao/classes/orders.php(510): wpmelhorenvio_data_getAllTrackings()
#2 /var/www/html/wp-content/plugins/melhor-envio-cotacao/woocommerce-melhor-envio-integration.php(230): wpmelhorenvio_updateStatusTracking()
#3 /var/www/html/wp-includes/class-wp-hook.php(286): wpmelhorenvio_ajax_updateStatusTracking('')
#4 /var/www/html/wp-includes/class-wp-hook.php(310): WP_Hook->apply_filters('', Array)
#5 /var/www/html/wp-includes/plugin.php(453): WP_Hook->do_action(Array)
#6 /var/www/html/wp-admin/admin-ajax.php(97): do_action('wp_ajax_wpmelho...')
#7 {main}
  thrown

2018-03-14T11:51:05+00:00 CRITICAL Uncaught ArgumentCountError: Too few arguments to function wpdb::prepare(), 1 passed in /var/www/html/wp-content/plugins/melhor-envio-cotacao/classes/tracking.php on line 22 and exactly 2 expected in /var/www/html/wp-includes/wp-db.php:1222
Stack trace:
#0 /var/www/html/wp-content/plugins/melhor-envio-cotacao/classes/tracking.php(22): wpdb->prepare('SELECT * FROM w...')
#1 /var/www/html/wp-content/plugins/melhor-envio-cotacao/classes/orders.php(510): wpmelhorenvio_data_getAllTrackings()
#2 /var/www/html/wp-content/plugins/melhor-envio-cotacao/woocommerce-melhor-envio-integration.php(230): wpmelhorenvio_updateStatusTracking()
#3 /var/www/html/wp-includes/class-wp-hook.php(286): wpmelhorenvio_ajax_updateStatusTracking('')
#4 /var/www/html/wp-includes/class-wp-hook.php(310): WP_Hook->apply_filters('', Array)
#5 /var/www/html/wp-includes/plugin.php(453): WP_Hook->do_action(Array)
#6 /var/www/html/wp-admin/admin-ajax.php(97): do_action('wp_ajax_wpmelho...')
#7 {main}
  thrown

2018-03-14T14:28:22+00:00 CRITICAL Uncaught ArgumentCountError: Too few arguments to function wpdb::prepare(), 1 passed in /var/www/html/wp-content/plugins/melhor-envio-cotacao/classes/tracking.php on line 22 and exactly 2 expected in /var/www/html/wp-includes/wp-db.php:1222
Stack trace:
#0 /var/www/html/wp-content/plugins/melhor-envio-cotacao/classes/tracking.php(22): wpdb->prepare('SELECT * FROM w...')
#1 /var/www/html/wp-content/plugins/melhor-envio-cotacao/classes/orders.php(510): wpmelhorenvio_data_getAllTrackings()
#2 /var/www/html/wp-content/plugins/melhor-envio-cotacao/woocommerce-melhor-envio-integration.php(230): wpmelhorenvio_updateStatusTracking()
#3 /var/www/html/wp-includes/class-wp-hook.php(286): wpmelhorenvio_ajax_updateStatusTracking('')
#4 /var/www/html/wp-includes/class-wp-hook.php(310): WP_Hook->apply_filters('', Array)
#5 /var/www/html/wp-includes/plugin.php(453): WP_Hook->do_action(Array)
#6 /var/www/html/wp-admin/admin-ajax.php(97): do_action('wp_ajax_wpmelho...')
#7 {main}
  thrown

