2018-03-06T15:48:49+00:00 CRITICAL Uncaught ArgumentCountError: Too few arguments to function wpdb::prepare(), 1 passed in /var/www/html/wp-content/plugins/melhor-envio-cotacao/classes/tracking.php on line 22 and exactly 2 expected in /var/www/html/wp-includes/wp-db.php:1222
Stack trace:
#0 /var/www/html/wp-content/plugins/melhor-envio-cotacao/classes/tracking.php(22): wpdb->prepare('SELECT * FROM w...')
#1 /var/www/html/wp-content/plugins/melhor-envio-cotacao/classes/orders.php(502): wpmelhorenvio_data_getAllTrackings()
#2 /var/www/html/wp-content/plugins/melhor-envio-cotacao/woocommerce-melhor-envio-integration.php(230): wpmelhorenvio_updateStatusTracking()
#3 /var/www/html/wp-includes/class-wp-hook.php(286): wpmelhorenvio_ajax_updateStatusTracking('')
#4 /var/www/html/wp-includes/class-wp-hook.php(310): WP_Hook->apply_filters('', Array)
#5 /var/www/html/wp-includes/plugin.php(453): WP_Hook->do_action(Array)
#6 /var/www/html/wp-admin/admin-ajax.php(97): do_action('wp_ajax_wpmelho...')
#7 {main}
  thrown

2018-03-06T15:48:49+00:00 CRITICAL Uncaught Error: Call to a member function get_price() on boolean in /var/www/html/wp-content/plugins/melhor-envio-cotacao/classes/orders.php:170
Stack trace:
#0 /var/www/html/wp-content/plugins/melhor-envio-cotacao/classes/orders.php(133): wpmelhorenvio_getPackageInternal(Array)
#1 /var/www/html/wp-content/plugins/melhor-envio-cotacao/classes/orders.php(100): wpmelhorenvio_getCustomerCotacaoAPI(Array)
#2 /var/www/html/wp-content/plugins/melhor-envio-cotacao/woocommerce-melhor-envio-integration.php(103): wpmelhorenvio_getJsonOrders()
#3 /var/www/html/wp-includes/class-wp-hook.php(286): wpmelhorenvio_ajax_getJsonOrders('')
#4 /var/www/html/wp-includes/class-wp-hook.php(310): WP_Hook->apply_filters('', Array)
#5 /var/www/html/wp-includes/plugin.php(453): WP_Hook->do_action(Array)
#6 /var/www/html/wp-admin/admin-ajax.php(97): do_action('wp_ajax_wpmelho...')
#7 {main}
  thrown

2018-03-06T15:49:11+00:00 CRITICAL Uncaught ArgumentCountError: Too few arguments to function wpdb::prepare(), 1 passed in /var/www/html/wp-content/plugins/melhor-envio-cotacao/classes/tracking.php on line 22 and exactly 2 expected in /var/www/html/wp-includes/wp-db.php:1222
Stack trace:
#0 /var/www/html/wp-content/plugins/melhor-envio-cotacao/classes/tracking.php(22): wpdb->prepare('SELECT * FROM w...')
#1 /var/www/html/wp-content/plugins/melhor-envio-cotacao/classes/orders.php(502): wpmelhorenvio_data_getAllTrackings()
#2 /var/www/html/wp-content/plugins/melhor-envio-cotacao/woocommerce-melhor-envio-integration.php(230): wpmelhorenvio_updateStatusTracking()
#3 /var/www/html/wp-includes/class-wp-hook.php(286): wpmelhorenvio_ajax_updateStatusTracking('')
#4 /var/www/html/wp-includes/class-wp-hook.php(310): WP_Hook->apply_filters('', Array)
#5 /var/www/html/wp-includes/plugin.php(453): WP_Hook->do_action(Array)
#6 /var/www/html/wp-admin/admin-ajax.php(97): do_action('wp_ajax_wpmelho...')
#7 {main}
  thrown

2018-03-06T15:49:11+00:00 CRITICAL Uncaught Error: Call to a member function get_price() on boolean in /var/www/html/wp-content/plugins/melhor-envio-cotacao/classes/orders.php:170
Stack trace:
#0 /var/www/html/wp-content/plugins/melhor-envio-cotacao/classes/orders.php(133): wpmelhorenvio_getPackageInternal(Array)
#1 /var/www/html/wp-content/plugins/melhor-envio-cotacao/classes/orders.php(100): wpmelhorenvio_getCustomerCotacaoAPI(Array)
#2 /var/www/html/wp-content/plugins/melhor-envio-cotacao/woocommerce-melhor-envio-integration.php(103): wpmelhorenvio_getJsonOrders()
#3 /var/www/html/wp-includes/class-wp-hook.php(286): wpmelhorenvio_ajax_getJsonOrders('')
#4 /var/www/html/wp-includes/class-wp-hook.php(310): WP_Hook->apply_filters('', Array)
#5 /var/www/html/wp-includes/plugin.php(453): WP_Hook->do_action(Array)
#6 /var/www/html/wp-admin/admin-ajax.php(97): do_action('wp_ajax_wpmelho...')
#7 {main}
  thrown

2018-03-06T15:50:35+00:00 CRITICAL Uncaught ArgumentCountError: Too few arguments to function wpdb::prepare(), 1 passed in /var/www/html/wp-content/plugins/melhor-envio-cotacao/classes/tracking.php on line 22 and exactly 2 expected in /var/www/html/wp-includes/wp-db.php:1222
Stack trace:
#0 /var/www/html/wp-content/plugins/melhor-envio-cotacao/classes/tracking.php(22): wpdb->prepare('SELECT * FROM w...')
#1 /var/www/html/wp-content/plugins/melhor-envio-cotacao/classes/orders.php(502): wpmelhorenvio_data_getAllTrackings()
#2 /var/www/html/wp-content/plugins/melhor-envio-cotacao/woocommerce-melhor-envio-integration.php(230): wpmelhorenvio_updateStatusTracking()
#3 /var/www/html/wp-includes/class-wp-hook.php(286): wpmelhorenvio_ajax_updateStatusTracking('')
#4 /var/www/html/wp-includes/class-wp-hook.php(310): WP_Hook->apply_filters('', Array)
#5 /var/www/html/wp-includes/plugin.php(453): WP_Hook->do_action(Array)
#6 /var/www/html/wp-admin/admin-ajax.php(97): do_action('wp_ajax_wpmelho...')
#7 {main}
  thrown

2018-03-06T15:50:35+00:00 CRITICAL Uncaught Error: Call to a member function get_price() on boolean in /var/www/html/wp-content/plugins/melhor-envio-cotacao/classes/orders.php:170
Stack trace:
#0 /var/www/html/wp-content/plugins/melhor-envio-cotacao/classes/orders.php(133): wpmelhorenvio_getPackageInternal(Array)
#1 /var/www/html/wp-content/plugins/melhor-envio-cotacao/classes/orders.php(100): wpmelhorenvio_getCustomerCotacaoAPI(Array)
#2 /var/www/html/wp-content/plugins/melhor-envio-cotacao/woocommerce-melhor-envio-integration.php(103): wpmelhorenvio_getJsonOrders()
#3 /var/www/html/wp-includes/class-wp-hook.php(286): wpmelhorenvio_ajax_getJsonOrders('')
#4 /var/www/html/wp-includes/class-wp-hook.php(310): WP_Hook->apply_filters('', Array)
#5 /var/www/html/wp-includes/plugin.php(453): WP_Hook->do_action(Array)
#6 /var/www/html/wp-admin/admin-ajax.php(97): do_action('wp_ajax_wpmelho...')
#7 {main}
  thrown

2018-03-06T15:51:01+00:00 CRITICAL Uncaught Error: Call to a member function get_price() on boolean in /var/www/html/wp-content/plugins/melhor-envio-cotacao/classes/orders.php:170
Stack trace:
#0 /var/www/html/wp-content/plugins/melhor-envio-cotacao/classes/orders.php(133): wpmelhorenvio_getPackageInternal(Array)
#1 /var/www/html/wp-content/plugins/melhor-envio-cotacao/classes/orders.php(100): wpmelhorenvio_getCustomerCotacaoAPI(Array)
#2 /var/www/html/wp-content/plugins/melhor-envio-cotacao/woocommerce-melhor-envio-integration.php(103): wpmelhorenvio_getJsonOrders()
#3 /var/www/html/wp-includes/class-wp-hook.php(286): wpmelhorenvio_ajax_getJsonOrders('')
#4 /var/www/html/wp-includes/class-wp-hook.php(310): WP_Hook->apply_filters('', Array)
#5 /var/www/html/wp-includes/plugin.php(453): WP_Hook->do_action(Array)
#6 /var/www/html/wp-admin/admin-ajax.php(97): do_action('wp_ajax_wpmelho...')
#7 {main}
  thrown

2018-03-06T15:51:10+00:00 CRITICAL Uncaught ArgumentCountError: Too few arguments to function wpdb::prepare(), 1 passed in /var/www/html/wp-content/plugins/melhor-envio-cotacao/classes/tracking.php on line 22 and exactly 2 expected in /var/www/html/wp-includes/wp-db.php:1222
Stack trace:
#0 /var/www/html/wp-content/plugins/melhor-envio-cotacao/classes/tracking.php(22): wpdb->prepare('SELECT * FROM w...')
#1 /var/www/html/wp-content/plugins/melhor-envio-cotacao/classes/orders.php(502): wpmelhorenvio_data_getAllTrackings()
#2 /var/www/html/wp-content/plugins/melhor-envio-cotacao/woocommerce-melhor-envio-integration.php(230): wpmelhorenvio_updateStatusTracking()
#3 /var/www/html/wp-includes/class-wp-hook.php(286): wpmelhorenvio_ajax_updateStatusTracking('')
#4 /var/www/html/wp-includes/class-wp-hook.php(310): WP_Hook->apply_filters('', Array)
#5 /var/www/html/wp-includes/plugin.php(453): WP_Hook->do_action(Array)
#6 /var/www/html/wp-admin/admin-ajax.php(97): do_action('wp_ajax_wpmelho...')
#7 {main}
  thrown

2018-03-06T15:51:10+00:00 CRITICAL Uncaught Error: Call to a member function get_price() on boolean in /var/www/html/wp-content/plugins/melhor-envio-cotacao/classes/orders.php:170
Stack trace:
#0 /var/www/html/wp-content/plugins/melhor-envio-cotacao/classes/orders.php(133): wpmelhorenvio_getPackageInternal(Array)
#1 /var/www/html/wp-content/plugins/melhor-envio-cotacao/classes/orders.php(100): wpmelhorenvio_getCustomerCotacaoAPI(Array)
#2 /var/www/html/wp-content/plugins/melhor-envio-cotacao/woocommerce-melhor-envio-integration.php(103): wpmelhorenvio_getJsonOrders()
#3 /var/www/html/wp-includes/class-wp-hook.php(286): wpmelhorenvio_ajax_getJsonOrders('')
#4 /var/www/html/wp-includes/class-wp-hook.php(310): WP_Hook->apply_filters('', Array)
#5 /var/www/html/wp-includes/plugin.php(453): WP_Hook->do_action(Array)
#6 /var/www/html/wp-admin/admin-ajax.php(97): do_action('wp_ajax_wpmelho...')
#7 {main}
  thrown

2018-03-06T15:55:21+00:00 CRITICAL Uncaught ArgumentCountError: Too few arguments to function wpdb::prepare(), 1 passed in /var/www/html/wp-content/plugins/melhor-envio-cotacao/classes/tracking.php on line 22 and exactly 2 expected in /var/www/html/wp-includes/wp-db.php:1222
Stack trace:
#0 /var/www/html/wp-content/plugins/melhor-envio-cotacao/classes/tracking.php(22): wpdb->prepare('SELECT * FROM w...')
#1 /var/www/html/wp-content/plugins/melhor-envio-cotacao/classes/orders.php(502): wpmelhorenvio_data_getAllTrackings()
#2 /var/www/html/wp-content/plugins/melhor-envio-cotacao/woocommerce-melhor-envio-integration.php(230): wpmelhorenvio_updateStatusTracking()
#3 /var/www/html/wp-includes/class-wp-hook.php(286): wpmelhorenvio_ajax_updateStatusTracking('')
#4 /var/www/html/wp-includes/class-wp-hook.php(310): WP_Hook->apply_filters('', Array)
#5 /var/www/html/wp-includes/plugin.php(453): WP_Hook->do_action(Array)
#6 /var/www/html/wp-admin/admin-ajax.php(97): do_action('wp_ajax_wpmelho...')
#7 {main}
  thrown

2018-03-06T15:55:21+00:00 CRITICAL Uncaught Error: Call to a member function get_price() on boolean in /var/www/html/wp-content/plugins/melhor-envio-cotacao/classes/orders.php:170
Stack trace:
#0 /var/www/html/wp-content/plugins/melhor-envio-cotacao/classes/orders.php(133): wpmelhorenvio_getPackageInternal(Array)
#1 /var/www/html/wp-content/plugins/melhor-envio-cotacao/classes/orders.php(100): wpmelhorenvio_getCustomerCotacaoAPI(Array)
#2 /var/www/html/wp-content/plugins/melhor-envio-cotacao/woocommerce-melhor-envio-integration.php(103): wpmelhorenvio_getJsonOrders()
#3 /var/www/html/wp-includes/class-wp-hook.php(286): wpmelhorenvio_ajax_getJsonOrders('')
#4 /var/www/html/wp-includes/class-wp-hook.php(310): WP_Hook->apply_filters('', Array)
#5 /var/www/html/wp-includes/plugin.php(453): WP_Hook->do_action(Array)
#6 /var/www/html/wp-admin/admin-ajax.php(97): do_action('wp_ajax_wpmelho...')
#7 {main}
  thrown

2018-03-06T15:56:16+00:00 CRITICAL Uncaught Error: Call to a member function get_price() on boolean in /var/www/html/wp-content/plugins/melhor-envio-cotacao/classes/orders.php:170
Stack trace:
#0 /var/www/html/wp-content/plugins/melhor-envio-cotacao/classes/orders.php(133): wpmelhorenvio_getPackageInternal(Array)
#1 /var/www/html/wp-content/plugins/melhor-envio-cotacao/classes/orders.php(100): wpmelhorenvio_getCustomerCotacaoAPI(Array)
#2 /var/www/html/wp-content/plugins/melhor-envio-cotacao/woocommerce-melhor-envio-integration.php(103): wpmelhorenvio_getJsonOrders()
#3 /var/www/html/wp-includes/class-wp-hook.php(286): wpmelhorenvio_ajax_getJsonOrders('')
#4 /var/www/html/wp-includes/class-wp-hook.php(310): WP_Hook->apply_filters('', Array)
#5 /var/www/html/wp-includes/plugin.php(453): WP_Hook->do_action(Array)
#6 /var/www/html/wp-admin/admin-ajax.php(97): do_action('wp_ajax_wpmelho...')
#7 {main}
  thrown

2018-03-06T15:57:53+00:00 CRITICAL Uncaught ArgumentCountError: Too few arguments to function wpdb::prepare(), 1 passed in /var/www/html/wp-content/plugins/melhor-envio-cotacao/classes/tracking.php on line 22 and exactly 2 expected in /var/www/html/wp-includes/wp-db.php:1222
Stack trace:
#0 /var/www/html/wp-content/plugins/melhor-envio-cotacao/classes/tracking.php(22): wpdb->prepare('SELECT * FROM w...')
#1 /var/www/html/wp-content/plugins/melhor-envio-cotacao/classes/orders.php(502): wpmelhorenvio_data_getAllTrackings()
#2 /var/www/html/wp-content/plugins/melhor-envio-cotacao/woocommerce-melhor-envio-integration.php(230): wpmelhorenvio_updateStatusTracking()
#3 /var/www/html/wp-includes/class-wp-hook.php(286): wpmelhorenvio_ajax_updateStatusTracking('')
#4 /var/www/html/wp-includes/class-wp-hook.php(310): WP_Hook->apply_filters('', Array)
#5 /var/www/html/wp-includes/plugin.php(453): WP_Hook->do_action(Array)
#6 /var/www/html/wp-admin/admin-ajax.php(97): do_action('wp_ajax_wpmelho...')
#7 {main}
  thrown

2018-03-06T15:57:53+00:00 CRITICAL Uncaught Error: Call to a member function get_price() on boolean in /var/www/html/wp-content/plugins/melhor-envio-cotacao/classes/orders.php:170
Stack trace:
#0 /var/www/html/wp-content/plugins/melhor-envio-cotacao/classes/orders.php(133): wpmelhorenvio_getPackageInternal(Array)
#1 /var/www/html/wp-content/plugins/melhor-envio-cotacao/classes/orders.php(100): wpmelhorenvio_getCustomerCotacaoAPI(Array)
#2 /var/www/html/wp-content/plugins/melhor-envio-cotacao/woocommerce-melhor-envio-integration.php(103): wpmelhorenvio_getJsonOrders()
#3 /var/www/html/wp-includes/class-wp-hook.php(286): wpmelhorenvio_ajax_getJsonOrders('')
#4 /var/www/html/wp-includes/class-wp-hook.php(310): WP_Hook->apply_filters('', Array)
#5 /var/www/html/wp-includes/plugin.php(453): WP_Hook->do_action(Array)
#6 /var/www/html/wp-admin/admin-ajax.php(97): do_action('wp_ajax_wpmelho...')
#7 {main}
  thrown

2018-03-06T15:58:49+00:00 CRITICAL Uncaught Error: Call to a member function get_price() on boolean in /var/www/html/wp-content/plugins/melhor-envio-cotacao/classes/orders.php:170
Stack trace:
#0 /var/www/html/wp-content/plugins/melhor-envio-cotacao/classes/orders.php(133): wpmelhorenvio_getPackageInternal(Array)
#1 /var/www/html/wp-content/plugins/melhor-envio-cotacao/classes/orders.php(100): wpmelhorenvio_getCustomerCotacaoAPI(Array)
#2 /var/www/html/wp-content/plugins/melhor-envio-cotacao/woocommerce-melhor-envio-integration.php(103): wpmelhorenvio_getJsonOrders()
#3 /var/www/html/wp-includes/class-wp-hook.php(286): wpmelhorenvio_ajax_getJsonOrders('')
#4 /var/www/html/wp-includes/class-wp-hook.php(310): WP_Hook->apply_filters('', Array)
#5 /var/www/html/wp-includes/plugin.php(453): WP_Hook->do_action(Array)
#6 /var/www/html/wp-admin/admin-ajax.php(97): do_action('wp_ajax_wpmelho...')
#7 {main}
  thrown

2018-03-06T16:01:49+00:00 CRITICAL Uncaught ArgumentCountError: Too few arguments to function wpdb::prepare(), 1 passed in /var/www/html/wp-content/plugins/melhor-envio-cotacao/classes/tracking.php on line 22 and exactly 2 expected in /var/www/html/wp-includes/wp-db.php:1222
Stack trace:
#0 /var/www/html/wp-content/plugins/melhor-envio-cotacao/classes/tracking.php(22): wpdb->prepare('SELECT * FROM w...')
#1 /var/www/html/wp-content/plugins/melhor-envio-cotacao/classes/orders.php(502): wpmelhorenvio_data_getAllTrackings()
#2 /var/www/html/wp-content/plugins/melhor-envio-cotacao/woocommerce-melhor-envio-integration.php(230): wpmelhorenvio_updateStatusTracking()
#3 /var/www/html/wp-includes/class-wp-hook.php(286): wpmelhorenvio_ajax_updateStatusTracking('')
#4 /var/www/html/wp-includes/class-wp-hook.php(310): WP_Hook->apply_filters('', Array)
#5 /var/www/html/wp-includes/plugin.php(453): WP_Hook->do_action(Array)
#6 /var/www/html/wp-admin/admin-ajax.php(97): do_action('wp_ajax_wpmelho...')
#7 {main}
  thrown

2018-03-06T16:01:49+00:00 CRITICAL Uncaught Error: Call to a member function get_price() on boolean in /var/www/html/wp-content/plugins/melhor-envio-cotacao/classes/orders.php:170
Stack trace:
#0 /var/www/html/wp-content/plugins/melhor-envio-cotacao/classes/orders.php(133): wpmelhorenvio_getPackageInternal(Array)
#1 /var/www/html/wp-content/plugins/melhor-envio-cotacao/classes/orders.php(100): wpmelhorenvio_getCustomerCotacaoAPI(Array)
#2 /var/www/html/wp-content/plugins/melhor-envio-cotacao/woocommerce-melhor-envio-integration.php(103): wpmelhorenvio_getJsonOrders()
#3 /var/www/html/wp-includes/class-wp-hook.php(286): wpmelhorenvio_ajax_getJsonOrders('')
#4 /var/www/html/wp-includes/class-wp-hook.php(310): WP_Hook->apply_filters('', Array)
#5 /var/www/html/wp-includes/plugin.php(453): WP_Hook->do_action(Array)
#6 /var/www/html/wp-admin/admin-ajax.php(97): do_action('wp_ajax_wpmelho...')
#7 {main}
  thrown

2018-03-06T16:03:09+00:00 CRITICAL Uncaught ArgumentCountError: Too few arguments to function wpdb::prepare(), 1 passed in /var/www/html/wp-content/plugins/melhor-envio-cotacao/classes/tracking.php on line 22 and exactly 2 expected in /var/www/html/wp-includes/wp-db.php:1222
Stack trace:
#0 /var/www/html/wp-content/plugins/melhor-envio-cotacao/classes/tracking.php(22): wpdb->prepare('SELECT * FROM w...')
#1 /var/www/html/wp-content/plugins/melhor-envio-cotacao/classes/orders.php(502): wpmelhorenvio_data_getAllTrackings()
#2 /var/www/html/wp-content/plugins/melhor-envio-cotacao/woocommerce-melhor-envio-integration.php(230): wpmelhorenvio_updateStatusTracking()
#3 /var/www/html/wp-includes/class-wp-hook.php(286): wpmelhorenvio_ajax_updateStatusTracking('')
#4 /var/www/html/wp-includes/class-wp-hook.php(310): WP_Hook->apply_filters('', Array)
#5 /var/www/html/wp-includes/plugin.php(453): WP_Hook->do_action(Array)
#6 /var/www/html/wp-admin/admin-ajax.php(97): do_action('wp_ajax_wpmelho...')
#7 {main}
  thrown

2018-03-06T16:03:09+00:00 CRITICAL Uncaught Error: Call to a member function get_price() on boolean in /var/www/html/wp-content/plugins/melhor-envio-cotacao/classes/orders.php:170
Stack trace:
#0 /var/www/html/wp-content/plugins/melhor-envio-cotacao/classes/orders.php(133): wpmelhorenvio_getPackageInternal(Array)
#1 /var/www/html/wp-content/plugins/melhor-envio-cotacao/classes/orders.php(100): wpmelhorenvio_getCustomerCotacaoAPI(Array)
#2 /var/www/html/wp-content/plugins/melhor-envio-cotacao/woocommerce-melhor-envio-integration.php(103): wpmelhorenvio_getJsonOrders()
#3 /var/www/html/wp-includes/class-wp-hook.php(286): wpmelhorenvio_ajax_getJsonOrders('')
#4 /var/www/html/wp-includes/class-wp-hook.php(310): WP_Hook->apply_filters('', Array)
#5 /var/www/html/wp-includes/plugin.php(453): WP_Hook->do_action(Array)
#6 /var/www/html/wp-admin/admin-ajax.php(97): do_action('wp_ajax_wpmelho...')
#7 {main}
  thrown

2018-03-06T16:10:55+00:00 CRITICAL Uncaught ArgumentCountError: Too few arguments to function wpdb::prepare(), 1 passed in /var/www/html/wp-content/plugins/melhor-envio-cotacao/classes/tracking.php on line 22 and exactly 2 expected in /var/www/html/wp-includes/wp-db.php:1222
Stack trace:
#0 /var/www/html/wp-content/plugins/melhor-envio-cotacao/classes/tracking.php(22): wpdb->prepare('SELECT * FROM w...')
#1 /var/www/html/wp-content/plugins/melhor-envio-cotacao/classes/orders.php(502): wpmelhorenvio_data_getAllTrackings()
#2 /var/www/html/wp-content/plugins/melhor-envio-cotacao/woocommerce-melhor-envio-integration.php(230): wpmelhorenvio_updateStatusTracking()
#3 /var/www/html/wp-includes/class-wp-hook.php(286): wpmelhorenvio_ajax_updateStatusTracking('')
#4 /var/www/html/wp-includes/class-wp-hook.php(310): WP_Hook->apply_filters('', Array)
#5 /var/www/html/wp-includes/plugin.php(453): WP_Hook->do_action(Array)
#6 /var/www/html/wp-admin/admin-ajax.php(97): do_action('wp_ajax_wpmelho...')
#7 {main}
  thrown

2018-03-06T16:10:55+00:00 CRITICAL Uncaught Error: Call to a member function get_price() on boolean in /var/www/html/wp-content/plugins/melhor-envio-cotacao/classes/orders.php:170
Stack trace:
#0 /var/www/html/wp-content/plugins/melhor-envio-cotacao/classes/orders.php(133): wpmelhorenvio_getPackageInternal(Array)
#1 /var/www/html/wp-content/plugins/melhor-envio-cotacao/classes/orders.php(100): wpmelhorenvio_getCustomerCotacaoAPI(Array)
#2 /var/www/html/wp-content/plugins/melhor-envio-cotacao/woocommerce-melhor-envio-integration.php(103): wpmelhorenvio_getJsonOrders()
#3 /var/www/html/wp-includes/class-wp-hook.php(286): wpmelhorenvio_ajax_getJsonOrders('')
#4 /var/www/html/wp-includes/class-wp-hook.php(310): WP_Hook->apply_filters('', Array)
#5 /var/www/html/wp-includes/plugin.php(453): WP_Hook->do_action(Array)
#6 /var/www/html/wp-admin/admin-ajax.php(97): do_action('wp_ajax_wpmelho...')
#7 {main}
  thrown

2018-03-06T16:23:37+00:00 CRITICAL Uncaught Error: Call to a member function get_price() on boolean in /var/www/html/wp-content/plugins/melhor-envio-cotacao/classes/orders.php:170
Stack trace:
#0 /var/www/html/wp-content/plugins/melhor-envio-cotacao/classes/orders.php(133): wpmelhorenvio_getPackageInternal(Array)
#1 /var/www/html/wp-content/plugins/melhor-envio-cotacao/classes/orders.php(100): wpmelhorenvio_getCustomerCotacaoAPI(Array)
#2 /var/www/html/wp-content/plugins/melhor-envio-cotacao/woocommerce-melhor-envio-integration.php(103): wpmelhorenvio_getJsonOrders()
#3 /var/www/html/wp-includes/class-wp-hook.php(286): wpmelhorenvio_ajax_getJsonOrders('')
#4 /var/www/html/wp-includes/class-wp-hook.php(310): WP_Hook->apply_filters('', Array)
#5 /var/www/html/wp-includes/plugin.php(453): WP_Hook->do_action(Array)
#6 /var/www/html/wp-admin/admin-ajax.php(97): do_action('wp_ajax_wpmelho...')
#7 {main}
  thrown

2018-03-06T16:25:56+00:00 CRITICAL Uncaught Error: Call to a member function get_price() on boolean in /var/www/html/wp-content/plugins/melhor-envio-cotacao/classes/orders.php:170
Stack trace:
#0 /var/www/html/wp-content/plugins/melhor-envio-cotacao/classes/orders.php(133): wpmelhorenvio_getPackageInternal(Array)
#1 /var/www/html/wp-content/plugins/melhor-envio-cotacao/classes/orders.php(100): wpmelhorenvio_getCustomerCotacaoAPI(Array)
#2 /var/www/html/wp-content/plugins/melhor-envio-cotacao/woocommerce-melhor-envio-integration.php(103): wpmelhorenvio_getJsonOrders()
#3 /var/www/html/wp-includes/class-wp-hook.php(286): wpmelhorenvio_ajax_getJsonOrders('')
#4 /var/www/html/wp-includes/class-wp-hook.php(310): WP_Hook->apply_filters('', Array)
#5 /var/www/html/wp-includes/plugin.php(453): WP_Hook->do_action(Array)
#6 /var/www/html/wp-admin/admin-ajax.php(97): do_action('wp_ajax_wpmelho...')
#7 {main}
  thrown

2018-03-06T16:27:22+00:00 CRITICAL Uncaught Error: Call to a member function get_price() on boolean in /var/www/html/wp-content/plugins/melhor-envio-cotacao/classes/orders.php:170
Stack trace:
#0 /var/www/html/wp-content/plugins/melhor-envio-cotacao/classes/orders.php(133): wpmelhorenvio_getPackageInternal(Array)
#1 /var/www/html/wp-content/plugins/melhor-envio-cotacao/classes/orders.php(100): wpmelhorenvio_getCustomerCotacaoAPI(Array)
#2 /var/www/html/wp-content/plugins/melhor-envio-cotacao/woocommerce-melhor-envio-integration.php(103): wpmelhorenvio_getJsonOrders()
#3 /var/www/html/wp-includes/class-wp-hook.php(286): wpmelhorenvio_ajax_getJsonOrders('')
#4 /var/www/html/wp-includes/class-wp-hook.php(310): WP_Hook->apply_filters('', Array)
#5 /var/www/html/wp-includes/plugin.php(453): WP_Hook->do_action(Array)
#6 /var/www/html/wp-admin/admin-ajax.php(97): do_action('wp_ajax_wpmelho...')
#7 {main}
  thrown

2018-03-06T16:27:41+00:00 CRITICAL Uncaught Error: Call to a member function get_price() on boolean in /var/www/html/wp-content/plugins/melhor-envio-cotacao/classes/orders.php:170
Stack trace:
#0 /var/www/html/wp-content/plugins/melhor-envio-cotacao/classes/orders.php(133): wpmelhorenvio_getPackageInternal(Array)
#1 /var/www/html/wp-content/plugins/melhor-envio-cotacao/classes/orders.php(100): wpmelhorenvio_getCustomerCotacaoAPI(Array)
#2 /var/www/html/wp-content/plugins/melhor-envio-cotacao/woocommerce-melhor-envio-integration.php(103): wpmelhorenvio_getJsonOrders()
#3 /var/www/html/wp-includes/class-wp-hook.php(286): wpmelhorenvio_ajax_getJsonOrders('')
#4 /var/www/html/wp-includes/class-wp-hook.php(310): WP_Hook->apply_filters('', Array)
#5 /var/www/html/wp-includes/plugin.php(453): WP_Hook->do_action(Array)
#6 /var/www/html/wp-admin/admin-ajax.php(97): do_action('wp_ajax_wpmelho...')
#7 {main}
  thrown

2018-03-06T16:27:59+00:00 CRITICAL Uncaught Error: Call to a member function get_price() on boolean in /var/www/html/wp-content/plugins/melhor-envio-cotacao/classes/orders.php:170
Stack trace:
#0 /var/www/html/wp-content/plugins/melhor-envio-cotacao/classes/orders.php(133): wpmelhorenvio_getPackageInternal(Array)
#1 /var/www/html/wp-content/plugins/melhor-envio-cotacao/classes/orders.php(100): wpmelhorenvio_getCustomerCotacaoAPI(Array)
#2 /var/www/html/wp-content/plugins/melhor-envio-cotacao/woocommerce-melhor-envio-integration.php(103): wpmelhorenvio_getJsonOrders()
#3 /var/www/html/wp-includes/class-wp-hook.php(286): wpmelhorenvio_ajax_getJsonOrders('')
#4 /var/www/html/wp-includes/class-wp-hook.php(310): WP_Hook->apply_filters('', Array)
#5 /var/www/html/wp-includes/plugin.php(453): WP_Hook->do_action(Array)
#6 /var/www/html/wp-admin/admin-ajax.php(97): do_action('wp_ajax_wpmelho...')
#7 {main}
  thrown

2018-03-06T16:28:56+00:00 CRITICAL Uncaught ArgumentCountError: Too few arguments to function wpdb::prepare(), 1 passed in /var/www/html/wp-content/plugins/melhor-envio-cotacao/classes/tracking.php on line 22 and exactly 2 expected in /var/www/html/wp-includes/wp-db.php:1222
Stack trace:
#0 /var/www/html/wp-content/plugins/melhor-envio-cotacao/classes/tracking.php(22): wpdb->prepare('SELECT * FROM w...')
#1 /var/www/html/wp-content/plugins/melhor-envio-cotacao/classes/orders.php(502): wpmelhorenvio_data_getAllTrackings()
#2 /var/www/html/wp-content/plugins/melhor-envio-cotacao/woocommerce-melhor-envio-integration.php(230): wpmelhorenvio_updateStatusTracking()
#3 /var/www/html/wp-includes/class-wp-hook.php(286): wpmelhorenvio_ajax_updateStatusTracking('')
#4 /var/www/html/wp-includes/class-wp-hook.php(310): WP_Hook->apply_filters('', Array)
#5 /var/www/html/wp-includes/plugin.php(453): WP_Hook->do_action(Array)
#6 /var/www/html/wp-admin/admin-ajax.php(97): do_action('wp_ajax_wpmelho...')
#7 {main}
  thrown

2018-03-06T16:28:56+00:00 CRITICAL Uncaught Error: Call to a member function get_price() on boolean in /var/www/html/wp-content/plugins/melhor-envio-cotacao/classes/orders.php:170
Stack trace:
#0 /var/www/html/wp-content/plugins/melhor-envio-cotacao/classes/orders.php(133): wpmelhorenvio_getPackageInternal(Array)
#1 /var/www/html/wp-content/plugins/melhor-envio-cotacao/classes/orders.php(100): wpmelhorenvio_getCustomerCotacaoAPI(Array)
#2 /var/www/html/wp-content/plugins/melhor-envio-cotacao/woocommerce-melhor-envio-integration.php(103): wpmelhorenvio_getJsonOrders()
#3 /var/www/html/wp-includes/class-wp-hook.php(286): wpmelhorenvio_ajax_getJsonOrders('')
#4 /var/www/html/wp-includes/class-wp-hook.php(310): WP_Hook->apply_filters('', Array)
#5 /var/www/html/wp-includes/plugin.php(453): WP_Hook->do_action(Array)
#6 /var/www/html/wp-admin/admin-ajax.php(97): do_action('wp_ajax_wpmelho...')
#7 {main}
  thrown

2018-03-06T16:29:17+00:00 CRITICAL Uncaught ArgumentCountError: Too few arguments to function wpdb::prepare(), 1 passed in /var/www/html/wp-content/plugins/melhor-envio-cotacao/classes/tracking.php on line 22 and exactly 2 expected in /var/www/html/wp-includes/wp-db.php:1222
Stack trace:
#0 /var/www/html/wp-content/plugins/melhor-envio-cotacao/classes/tracking.php(22): wpdb->prepare('SELECT * FROM w...')
#1 /var/www/html/wp-content/plugins/melhor-envio-cotacao/classes/orders.php(502): wpmelhorenvio_data_getAllTrackings()
#2 /var/www/html/wp-content/plugins/melhor-envio-cotacao/woocommerce-melhor-envio-integration.php(230): wpmelhorenvio_updateStatusTracking()
#3 /var/www/html/wp-includes/class-wp-hook.php(286): wpmelhorenvio_ajax_updateStatusTracking('')
#4 /var/www/html/wp-includes/class-wp-hook.php(310): WP_Hook->apply_filters('', Array)
#5 /var/www/html/wp-includes/plugin.php(453): WP_Hook->do_action(Array)
#6 /var/www/html/wp-admin/admin-ajax.php(97): do_action('wp_ajax_wpmelho...')
#7 {main}
  thrown

2018-03-06T16:29:17+00:00 CRITICAL Uncaught Error: Call to a member function get_price() on boolean in /var/www/html/wp-content/plugins/melhor-envio-cotacao/classes/orders.php:170
Stack trace:
#0 /var/www/html/wp-content/plugins/melhor-envio-cotacao/classes/orders.php(133): wpmelhorenvio_getPackageInternal(Array)
#1 /var/www/html/wp-content/plugins/melhor-envio-cotacao/classes/orders.php(100): wpmelhorenvio_getCustomerCotacaoAPI(Array)
#2 /var/www/html/wp-content/plugins/melhor-envio-cotacao/woocommerce-melhor-envio-integration.php(103): wpmelhorenvio_getJsonOrders()
#3 /var/www/html/wp-includes/class-wp-hook.php(286): wpmelhorenvio_ajax_getJsonOrders('')
#4 /var/www/html/wp-includes/class-wp-hook.php(310): WP_Hook->apply_filters('', Array)
#5 /var/www/html/wp-includes/plugin.php(453): WP_Hook->do_action(Array)
#6 /var/www/html/wp-admin/admin-ajax.php(97): do_action('wp_ajax_wpmelho...')
#7 {main}
  thrown

2018-03-06T16:31:15+00:00 CRITICAL Uncaught Error: Call to a member function get_price() on boolean in /var/www/html/wp-content/plugins/melhor-envio-cotacao/classes/orders.php:170
Stack trace:
#0 /var/www/html/wp-content/plugins/melhor-envio-cotacao/classes/orders.php(133): wpmelhorenvio_getPackageInternal(Array)
#1 /var/www/html/wp-content/plugins/melhor-envio-cotacao/classes/orders.php(100): wpmelhorenvio_getCustomerCotacaoAPI(Array)
#2 /var/www/html/wp-content/plugins/melhor-envio-cotacao/woocommerce-melhor-envio-integration.php(103): wpmelhorenvio_getJsonOrders()
#3 /var/www/html/wp-includes/class-wp-hook.php(286): wpmelhorenvio_ajax_getJsonOrders('')
#4 /var/www/html/wp-includes/class-wp-hook.php(310): WP_Hook->apply_filters('', Array)
#5 /var/www/html/wp-includes/plugin.php(453): WP_Hook->do_action(Array)
#6 /var/www/html/wp-admin/admin-ajax.php(97): do_action('wp_ajax_wpmelho...')
#7 {main}
  thrown

2018-03-06T16:31:37+00:00 CRITICAL Uncaught Error: Call to a member function get_price() on boolean in /var/www/html/wp-content/plugins/melhor-envio-cotacao/classes/orders.php:170
Stack trace:
#0 /var/www/html/wp-content/plugins/melhor-envio-cotacao/classes/orders.php(133): wpmelhorenvio_getPackageInternal(Array)
#1 /var/www/html/wp-content/plugins/melhor-envio-cotacao/classes/orders.php(100): wpmelhorenvio_getCustomerCotacaoAPI(Array)
#2 /var/www/html/wp-content/plugins/melhor-envio-cotacao/woocommerce-melhor-envio-integration.php(103): wpmelhorenvio_getJsonOrders()
#3 /var/www/html/wp-includes/class-wp-hook.php(286): wpmelhorenvio_ajax_getJsonOrders('')
#4 /var/www/html/wp-includes/class-wp-hook.php(310): WP_Hook->apply_filters('', Array)
#5 /var/www/html/wp-includes/plugin.php(453): WP_Hook->do_action(Array)
#6 /var/www/html/wp-admin/admin-ajax.php(97): do_action('wp_ajax_wpmelho...')
#7 {main}
  thrown

2018-03-06T16:32:21+00:00 CRITICAL Uncaught ArgumentCountError: Too few arguments to function wpdb::prepare(), 1 passed in /var/www/html/wp-content/plugins/melhor-envio-cotacao/classes/tracking.php on line 22 and exactly 2 expected in /var/www/html/wp-includes/wp-db.php:1222
Stack trace:
#0 /var/www/html/wp-content/plugins/melhor-envio-cotacao/classes/tracking.php(22): wpdb->prepare('SELECT * FROM w...')
#1 /var/www/html/wp-content/plugins/melhor-envio-cotacao/classes/orders.php(502): wpmelhorenvio_data_getAllTrackings()
#2 /var/www/html/wp-content/plugins/melhor-envio-cotacao/woocommerce-melhor-envio-integration.php(230): wpmelhorenvio_updateStatusTracking()
#3 /var/www/html/wp-includes/class-wp-hook.php(286): wpmelhorenvio_ajax_updateStatusTracking('')
#4 /var/www/html/wp-includes/class-wp-hook.php(310): WP_Hook->apply_filters('', Array)
#5 /var/www/html/wp-includes/plugin.php(453): WP_Hook->do_action(Array)
#6 /var/www/html/wp-admin/admin-ajax.php(97): do_action('wp_ajax_wpmelho...')
#7 {main}
  thrown

2018-03-06T16:32:21+00:00 CRITICAL Uncaught Error: Call to a member function get_price() on boolean in /var/www/html/wp-content/plugins/melhor-envio-cotacao/classes/orders.php:170
Stack trace:
#0 /var/www/html/wp-content/plugins/melhor-envio-cotacao/classes/orders.php(133): wpmelhorenvio_getPackageInternal(Array)
#1 /var/www/html/wp-content/plugins/melhor-envio-cotacao/classes/orders.php(100): wpmelhorenvio_getCustomerCotacaoAPI(Array)
#2 /var/www/html/wp-content/plugins/melhor-envio-cotacao/woocommerce-melhor-envio-integration.php(103): wpmelhorenvio_getJsonOrders()
#3 /var/www/html/wp-includes/class-wp-hook.php(286): wpmelhorenvio_ajax_getJsonOrders('')
#4 /var/www/html/wp-includes/class-wp-hook.php(310): WP_Hook->apply_filters('', Array)
#5 /var/www/html/wp-includes/plugin.php(453): WP_Hook->do_action(Array)
#6 /var/www/html/wp-admin/admin-ajax.php(97): do_action('wp_ajax_wpmelho...')
#7 {main}
  thrown

2018-03-06T16:32:58+00:00 CRITICAL Uncaught ArgumentCountError: Too few arguments to function wpdb::prepare(), 1 passed in /var/www/html/wp-content/plugins/melhor-envio-cotacao/classes/tracking.php on line 22 and exactly 2 expected in /var/www/html/wp-includes/wp-db.php:1222
Stack trace:
#0 /var/www/html/wp-content/plugins/melhor-envio-cotacao/classes/tracking.php(22): wpdb->prepare('SELECT * FROM w...')
#1 /var/www/html/wp-content/plugins/melhor-envio-cotacao/classes/orders.php(502): wpmelhorenvio_data_getAllTrackings()
#2 /var/www/html/wp-content/plugins/melhor-envio-cotacao/woocommerce-melhor-envio-integration.php(230): wpmelhorenvio_updateStatusTracking()
#3 /var/www/html/wp-includes/class-wp-hook.php(286): wpmelhorenvio_ajax_updateStatusTracking('')
#4 /var/www/html/wp-includes/class-wp-hook.php(310): WP_Hook->apply_filters('', Array)
#5 /var/www/html/wp-includes/plugin.php(453): WP_Hook->do_action(Array)
#6 /var/www/html/wp-admin/admin-ajax.php(97): do_action('wp_ajax_wpmelho...')
#7 {main}
  thrown

2018-03-06T16:32:59+00:00 CRITICAL Uncaught Error: Call to a member function get_price() on boolean in /var/www/html/wp-content/plugins/melhor-envio-cotacao/classes/orders.php:170
Stack trace:
#0 /var/www/html/wp-content/plugins/melhor-envio-cotacao/classes/orders.php(133): wpmelhorenvio_getPackageInternal(Array)
#1 /var/www/html/wp-content/plugins/melhor-envio-cotacao/classes/orders.php(100): wpmelhorenvio_getCustomerCotacaoAPI(Array)
#2 /var/www/html/wp-content/plugins/melhor-envio-cotacao/woocommerce-melhor-envio-integration.php(103): wpmelhorenvio_getJsonOrders()
#3 /var/www/html/wp-includes/class-wp-hook.php(286): wpmelhorenvio_ajax_getJsonOrders('')
#4 /var/www/html/wp-includes/class-wp-hook.php(310): WP_Hook->apply_filters('', Array)
#5 /var/www/html/wp-includes/plugin.php(453): WP_Hook->do_action(Array)
#6 /var/www/html/wp-admin/admin-ajax.php(97): do_action('wp_ajax_wpmelho...')
#7 {main}
  thrown

2018-03-06T16:36:09+00:00 CRITICAL Uncaught Error: Call to a member function get_price() on boolean in /var/www/html/wp-content/plugins/melhor-envio-cotacao/classes/orders.php:170
Stack trace:
#0 /var/www/html/wp-content/plugins/melhor-envio-cotacao/classes/orders.php(133): wpmelhorenvio_getPackageInternal(Array)
#1 /var/www/html/wp-content/plugins/melhor-envio-cotacao/classes/orders.php(100): wpmelhorenvio_getCustomerCotacaoAPI(Array)
#2 /var/www/html/wp-content/plugins/melhor-envio-cotacao/woocommerce-melhor-envio-integration.php(103): wpmelhorenvio_getJsonOrders()
#3 /var/www/html/wp-includes/class-wp-hook.php(286): wpmelhorenvio_ajax_getJsonOrders('')
#4 /var/www/html/wp-includes/class-wp-hook.php(310): WP_Hook->apply_filters('', Array)
#5 /var/www/html/wp-includes/plugin.php(453): WP_Hook->do_action(Array)
#6 /var/www/html/wp-admin/admin-ajax.php(97): do_action('wp_ajax_wpmelho...')
#7 {main}
  thrown

2018-03-06T16:38:49+00:00 CRITICAL Uncaught Error: Call to a member function get_price() on boolean in /var/www/html/wp-content/plugins/melhor-envio-cotacao/classes/orders.php:170
Stack trace:
#0 /var/www/html/wp-content/plugins/melhor-envio-cotacao/classes/orders.php(133): wpmelhorenvio_getPackageInternal(Array)
#1 /var/www/html/wp-content/plugins/melhor-envio-cotacao/classes/orders.php(100): wpmelhorenvio_getCustomerCotacaoAPI(Array)
#2 /var/www/html/wp-content/plugins/melhor-envio-cotacao/woocommerce-melhor-envio-integration.php(103): wpmelhorenvio_getJsonOrders()
#3 /var/www/html/wp-includes/class-wp-hook.php(286): wpmelhorenvio_ajax_getJsonOrders('')
#4 /var/www/html/wp-includes/class-wp-hook.php(310): WP_Hook->apply_filters('', Array)
#5 /var/www/html/wp-includes/plugin.php(453): WP_Hook->do_action(Array)
#6 /var/www/html/wp-admin/admin-ajax.php(97): do_action('wp_ajax_wpmelho...')
#7 {main}
  thrown

2018-03-06T16:40:06+00:00 CRITICAL Uncaught Error: Call to a member function get_price() on boolean in /var/www/html/wp-content/plugins/melhor-envio-cotacao/classes/orders.php:170
Stack trace:
#0 /var/www/html/wp-content/plugins/melhor-envio-cotacao/classes/orders.php(133): wpmelhorenvio_getPackageInternal(Array)
#1 /var/www/html/wp-content/plugins/melhor-envio-cotacao/classes/orders.php(100): wpmelhorenvio_getCustomerCotacaoAPI(Array)
#2 /var/www/html/wp-content/plugins/melhor-envio-cotacao/woocommerce-melhor-envio-integration.php(103): wpmelhorenvio_getJsonOrders()
#3 /var/www/html/wp-includes/class-wp-hook.php(286): wpmelhorenvio_ajax_getJsonOrders('')
#4 /var/www/html/wp-includes/class-wp-hook.php(310): WP_Hook->apply_filters('', Array)
#5 /var/www/html/wp-includes/plugin.php(453): WP_Hook->do_action(Array)
#6 /var/www/html/wp-admin/admin-ajax.php(97): do_action('wp_ajax_wpmelho...')
#7 {main}
  thrown

2018-03-06T16:40:31+00:00 CRITICAL Uncaught Error: Call to a member function get_price() on boolean in /var/www/html/wp-content/plugins/melhor-envio-cotacao/classes/orders.php:170
Stack trace:
#0 /var/www/html/wp-content/plugins/melhor-envio-cotacao/classes/orders.php(133): wpmelhorenvio_getPackageInternal(Array)
#1 /var/www/html/wp-content/plugins/melhor-envio-cotacao/classes/orders.php(100): wpmelhorenvio_getCustomerCotacaoAPI(Array)
#2 /var/www/html/wp-content/plugins/melhor-envio-cotacao/woocommerce-melhor-envio-integration.php(103): wpmelhorenvio_getJsonOrders()
#3 /var/www/html/wp-includes/class-wp-hook.php(286): wpmelhorenvio_ajax_getJsonOrders('')
#4 /var/www/html/wp-includes/class-wp-hook.php(310): WP_Hook->apply_filters('', Array)
#5 /var/www/html/wp-includes/plugin.php(453): WP_Hook->do_action(Array)
#6 /var/www/html/wp-admin/admin-ajax.php(97): do_action('wp_ajax_wpmelho...')
#7 {main}
  thrown

2018-03-06T16:41:59+00:00 CRITICAL Uncaught ArgumentCountError: Too few arguments to function wpdb::prepare(), 1 passed in /var/www/html/wp-content/plugins/melhor-envio-cotacao/classes/tracking.php on line 22 and exactly 2 expected in /var/www/html/wp-includes/wp-db.php:1222
Stack trace:
#0 /var/www/html/wp-content/plugins/melhor-envio-cotacao/classes/tracking.php(22): wpdb->prepare('SELECT * FROM w...')
#1 /var/www/html/wp-content/plugins/melhor-envio-cotacao/classes/orders.php(502): wpmelhorenvio_data_getAllTrackings()
#2 /var/www/html/wp-content/plugins/melhor-envio-cotacao/woocommerce-melhor-envio-integration.php(230): wpmelhorenvio_updateStatusTracking()
#3 /var/www/html/wp-includes/class-wp-hook.php(286): wpmelhorenvio_ajax_updateStatusTracking('')
#4 /var/www/html/wp-includes/class-wp-hook.php(310): WP_Hook->apply_filters('', Array)
#5 /var/www/html/wp-includes/plugin.php(453): WP_Hook->do_action(Array)
#6 /var/www/html/wp-admin/admin-ajax.php(97): do_action('wp_ajax_wpmelho...')
#7 {main}
  thrown

2018-03-06T16:41:59+00:00 CRITICAL Uncaught Error: Call to a member function get_price() on boolean in /var/www/html/wp-content/plugins/melhor-envio-cotacao/classes/orders.php:170
Stack trace:
#0 /var/www/html/wp-content/plugins/melhor-envio-cotacao/classes/orders.php(133): wpmelhorenvio_getPackageInternal(Array)
#1 /var/www/html/wp-content/plugins/melhor-envio-cotacao/classes/orders.php(100): wpmelhorenvio_getCustomerCotacaoAPI(Array)
#2 /var/www/html/wp-content/plugins/melhor-envio-cotacao/woocommerce-melhor-envio-integration.php(103): wpmelhorenvio_getJsonOrders()
#3 /var/www/html/wp-includes/class-wp-hook.php(286): wpmelhorenvio_ajax_getJsonOrders('')
#4 /var/www/html/wp-includes/class-wp-hook.php(310): WP_Hook->apply_filters('', Array)
#5 /var/www/html/wp-includes/plugin.php(453): WP_Hook->do_action(Array)
#6 /var/www/html/wp-admin/admin-ajax.php(97): do_action('wp_ajax_wpmelho...')
#7 {main}
  thrown

