Arguments: 
  /home/melhorenvio/.nvm/versions/node/v8.5.0/bin/node /usr/share/yarn/bin/yarn.js

PATH: 
  /home/melhorenvio/.nvm/versions/node/v8.5.0/bin:/home/melhorenvio/bin:/home/melhorenvio/.local/bin:/usr/local/sbin:/usr/local/bin:/usr/sbin:/usr/bin:/sbin:/bin:/usr/games:/usr/local/games:/snap/bin

Yarn version: 
  1.3.2

Node version: 
  8.5.0

Platform: 
  linux x64

npm manifest: 
  {
    "name": "woocommerce-melhor-envio-integration",
    "version": "1.0.0",
    "description": "",
    "main": "gulpfile.js",
    "scripts": {
      "test": "echo \"Error: no test specified\" && exit 1"
    },
    "author": "Matheus Thomaz",
    "email": "matheus@melhorenvio.com.br",
    "license": "MIT",
    "devDependencies": {
      "browser-sync": "^2.18.13",
      "gulp": "^3.9.1",
      "gulp-changed": "^3.1.1",
      "gulp-plumber": "^1.1.0",
      "gulp-stylus": "^2.6.0",
      "gulp-svg-symbols": "^2.0.2",
      "gulp-uglify": "^3.0.0",
      "gulp.spritesmith": "^6.7.0",
      "jeet": "7.2.0",
      "kouto-swiss": "^1.1.0",
      "rupture": "^0.6.2"
    }

yarn manifest: 
  No manifest

Lockfile: 
  No lockfile

Trace: 
  SyntaxError: /home/melhorenvio/projects/wordpress/datavolume/plugins/melhor-envio-cotacao/package.json: Unexpected end of JSON input
      at JSON.parse (<anonymous>)
      at /usr/share/yarn/lib/cli.js:770:59
      at Generator.next (<anonymous>)
      at step (/usr/share/yarn/lib/cli.js:92:30)
      at /usr/share/yarn/lib/cli.js:103:13
      at <anonymous>
